::1 - - [17/Jun/2023:05:39:41 +0000] "POST /user/signin HTTP/1.1" 200 245 "http://localhost:3000/" "Mozilla/5.0 (Macintosh; Intel Mac OS X 10_15_7) AppleWebKit/537.36 (KHTML, like Gecko) Chrome/114.0.0.0 Safari/537.36"
::1 - - [17/Jun/2023:05:39:45 +0000] "POST /user/signin HTTP/1.1" 200 245 "http://localhost:3000/" "Mozilla/5.0 (Macintosh; Intel Mac OS X 10_15_7) AppleWebKit/537.36 (KHTML, like Gecko) Chrome/114.0.0.0 Safari/537.36"
::1 - - [17/Jun/2023:05:39:52 +0000] "POST /user/signin HTTP/1.1" 200 245 "http://localhost:3000/" "Mozilla/5.0 (Macintosh; Intel Mac OS X 10_15_7) AppleWebKit/537.36 (KHTML, like Gecko) Chrome/114.0.0.0 Safari/537.36"
::1 - - [17/Jun/2023:05:41:53 +0000] "POST /user/signin HTTP/1.1" 200 245 "http://localhost:3000/" "Mozilla/5.0 (Macintosh; Intel Mac OS X 10_15_7) AppleWebKit/537.36 (KHTML, like Gecko) Chrome/114.0.0.0 Safari/537.36"
::1 - - [17/Jun/2023:05:41:55 +0000] "POST /user/signin HTTP/1.1" 200 245 "http://localhost:3000/" "Mozilla/5.0 (Macintosh; Intel Mac OS X 10_15_7) AppleWebKit/537.36 (KHTML, like Gecko) Chrome/114.0.0.0 Safari/537.36"
::1 - - [17/Jun/2023:05:42:20 +0000] "POST /user/signup HTTP/1.1" 201 136 "http://localhost:3000/" "Mozilla/5.0 (Macintosh; Intel Mac OS X 10_15_7) AppleWebKit/537.36 (KHTML, like Gecko) Chrome/114.0.0.0 Safari/537.36"
::1 - - [17/Jun/2023:08:32:10 +0000] "GET /trade/activeByUser/2 HTTP/1.1" 200 494 "-" "PostmanRuntime/7.32.3"
::1 - - [17/Jun/2023:08:38:43 +0000] "GET /trade/activeByUser/2 HTTP/1.1" 200 338 "-" "PostmanRuntime/7.32.3"
::1 - - [17/Jun/2023:08:38:46 +0000] "GET /trade/activeByUser/2 HTTP/1.1" 200 338 "-" "PostmanRuntime/7.32.3"
::1 - - [17/Jun/2023:08:39:10 +0000] "GET /trade/activeByUser/2 HTTP/1.1" 200 464 "-" "PostmanRuntime/7.32.3"
::1 - - [17/Jun/2023:09:30:04 +0000] "GET /test/FR0000131906&p HTTP/1.1" 200 103 "-" "PostmanRuntime/7.32.3"
::1 - - [17/Jun/2023:09:30:40 +0000] "GET /test/FR0000131906&p HTTP/1.1" 200 103 "-" "PostmanRuntime/7.32.3"
::1 - - [17/Jun/2023:09:31:31 +0000] "GET /test/FR0000131906&p HTTP/1.1" 200 103 "-" "PostmanRuntime/7.32.3"
::1 - - [17/Jun/2023:09:40:13 +0000] "GET /test/FR0000131906&p HTTP/1.1" 200 31 "-" "PostmanRuntime/7.32.3"
::1 - - [17/Jun/2023:09:40:16 +0000] "GET /test/FR0000131906&p HTTP/1.1" 200 31 "-" "PostmanRuntime/7.32.3"
::1 - - [17/Jun/2023:09:40:55 +0000] "GET /test/FR0000131906&p HTTP/1.1" 200 103 "-" "PostmanRuntime/7.32.3"
::1 - - [17/Jun/2023:09:41:29 +0000] "GET /test/FR0000131906&p HTTP/1.1" 200 103 "-" "PostmanRuntime/7.32.3"
::1 - - [17/Jun/2023:09:41:57 +0000] "GET /test/FR0000131906&p HTTP/1.1" 200 31 "-" "PostmanRuntime/7.32.3"
::1 - - [17/Jun/2023:09:42:25 +0000] "GET /test/FR0000131906&p HTTP/1.1" 200 103 "-" "PostmanRuntime/7.32.3"
::1 - - [17/Jun/2023:09:43:54 +0000] "GET /test/FR0000131906&p HTTP/1.1" 200 103 "-" "PostmanRuntime/7.32.3"
::1 - - [17/Jun/2023:09:44:20 +0000] "GET /test/FR0000131906&p HTTP/1.1" 200 103 "-" "PostmanRuntime/7.32.3"
::1 - - [17/Jun/2023:09:45:48 +0000] "GET /test/FR0000131906&p HTTP/1.1" 200 103 "-" "PostmanRuntime/7.32.3"
::1 - - [17/Jun/2023:09:46:45 +0000] "GET /test/FR0000131906&p HTTP/1.1" 200 103 "-" "PostmanRuntime/7.32.3"
::1 - - [17/Jun/2023:09:55:31 +0000] "GET /test/FR0000131906&p HTTP/1.1" 200 89 "-" "PostmanRuntime/7.32.3"
::1 - - [17/Jun/2023:09:56:13 +0000] "GET /test/FR0000131906&p HTTP/1.1" 200 89 "-" "PostmanRuntime/7.32.3"
::1 - - [17/Jun/2023:09:58:34 +0000] "GET /test/FR0000131906&p HTTP/1.1" 200 10 "-" "PostmanRuntime/7.32.3"
::1 - - [17/Jun/2023:09:58:38 +0000] "GET /test/FR0000131906&p HTTP/1.1" 200 10 "-" "PostmanRuntime/7.32.3"
::1 - - [17/Jun/2023:09:59:01 +0000] "GET /test/FR0000131906&p HTTP/1.1" 200 89 "-" "PostmanRuntime/7.32.3"
::1 - - [17/Jun/2023:09:59:02 +0000] "GET /test/FR0000131906&p HTTP/1.1" 200 89 "-" "PostmanRuntime/7.32.3"
::1 - - [17/Jun/2023:10:00:11 +0000] "GET /test/FR0000131906&p HTTP/1.1" 200 10 "-" "PostmanRuntime/7.32.3"
::1 - - [17/Jun/2023:10:00:15 +0000] "GET /test/FR0000131906&p HTTP/1.1" 200 10 "-" "PostmanRuntime/7.32.3"
::1 - - [17/Jun/2023:10:00:27 +0000] "GET /test/FR0000131906&p HTTP/1.1" 200 10 "-" "PostmanRuntime/7.32.3"
::1 - - [17/Jun/2023:10:00:29 +0000] "GET /test/FR0000131906&p HTTP/1.1" 200 10 "-" "PostmanRuntime/7.32.3"
::1 - - [17/Jun/2023:10:00:49 +0000] "GET /test/FR0000131906&p HTTP/1.1" 200 89 "-" "PostmanRuntime/7.32.3"
::1 - - [17/Jun/2023:10:02:32 +0000] "GET /test/FR0000131906&p HTTP/1.1" 200 115 "-" "PostmanRuntime/7.32.3"
::1 - - [17/Jun/2023:10:04:20 +0000] "GET /test/FR0000131906&p HTTP/1.1" 200 115 "-" "PostmanRuntime/7.32.3"
::1 - - [17/Jun/2023:10:05:28 +0000] "GET /test/FR0000131906&p HTTP/1.1" 200 115 "-" "PostmanRuntime/7.32.3"
::1 - - [17/Jun/2023:10:06:16 +0000] "GET /test/FR0000131906&p HTTP/1.1" 200 117 "-" "PostmanRuntime/7.32.3"
::1 - - [17/Jun/2023:10:07:23 +0000] "GET /test/FR0000131906&p HTTP/1.1" 200 120 "-" "PostmanRuntime/7.32.3"
::1 - - [17/Jun/2023:10:08:21 +0000] "GET /test/FR0000131906&p HTTP/1.1" 200 118 "-" "PostmanRuntime/7.32.3"
::1 - - [17/Jun/2023:10:32:16 +0000] "GET /portfolio/dashboard/1 HTTP/1.1" 200 17 "-" "PostmanRuntime/7.32.3"
::1 - - [17/Jun/2023:10:32:41 +0000] "GET /portfolio/dashboard/1 HTTP/1.1" 200 8 "-" "PostmanRuntime/7.32.3"
::1 - - [17/Jun/2023:10:44:29 +0000] "GET /portfolio/dashboard/1 HTTP/1.1" 200 10 "-" "PostmanRuntime/7.32.3"
::1 - - [17/Jun/2023:10:44:30 +0000] "GET /portfolio/dashboard/1 HTTP/1.1" 200 10 "-" "PostmanRuntime/7.32.3"
::1 - - [17/Jun/2023:10:44:50 +0000] "GET /portfolio/dashboard/1 HTTP/1.1" 200 10 "-" "PostmanRuntime/7.32.3"
::1 - - [17/Jun/2023:10:45:31 +0000] "GET /portfolio/dashboard/1 HTTP/1.1" 200 10 "-" "PostmanRuntime/7.32.3"
::1 - - [17/Jun/2023:10:45:45 +0000] "GET /portfolio/dashboard/1 HTTP/1.1" 200 10 "-" "PostmanRuntime/7.32.3"
::1 - - [17/Jun/2023:10:45:46 +0000] "GET /portfolio/dashboard/1 HTTP/1.1" 200 10 "-" "PostmanRuntime/7.32.3"
::1 - - [17/Jun/2023:10:46:15 +0000] "GET /portfolio/dashboard/1 HTTP/1.1" 200 10 "-" "PostmanRuntime/7.32.3"
::1 - - [17/Jun/2023:10:46:15 +0000] "GET /portfolio/dashboard/1 HTTP/1.1" 200 10 "-" "PostmanRuntime/7.32.3"
::1 - - [17/Jun/2023:10:47:38 +0000] "GET /portfolio/dashboard/1 HTTP/1.1" 200 10 "-" "PostmanRuntime/7.32.3"
::1 - - [17/Jun/2023:10:47:39 +0000] "GET /portfolio/dashboard/1 HTTP/1.1" 200 10 "-" "PostmanRuntime/7.32.3"
::1 - - [17/Jun/2023:10:47:52 +0000] "GET /portfolio/dashboard/1 HTTP/1.1" 200 8 "-" "PostmanRuntime/7.32.3"
::1 - - [17/Jun/2023:10:48:08 +0000] "GET /portfolio/dashboard/1 HTTP/1.1" 200 8 "-" "PostmanRuntime/7.32.3"
::1 - - [17/Jun/2023:10:48:09 +0000] "GET /portfolio/dashboard/1 HTTP/1.1" 200 8 "-" "PostmanRuntime/7.32.3"
::1 - - [17/Jun/2023:10:48:31 +0000] "GET /portfolio/dashboard/1 HTTP/1.1" 200 8 "-" "PostmanRuntime/7.32.3"
::1 - - [17/Jun/2023:10:48:33 +0000] "GET /portfolio/dashboard/1 HTTP/1.1" 200 8 "-" "PostmanRuntime/7.32.3"
::1 - - [17/Jun/2023:10:49:50 +0000] "GET /portfolio/dashboard/1 HTTP/1.1" 200 139 "-" "PostmanRuntime/7.32.3"
::1 - - [17/Jun/2023:10:51:07 +0000] "GET /portfolio/dashboard/1 HTTP/1.1" 200 139 "-" "PostmanRuntime/7.32.3"
::1 - - [17/Jun/2023:10:51:09 +0000] "GET /portfolio/dashboard/1 HTTP/1.1" 200 139 "-" "PostmanRuntime/7.32.3"
::1 - - [17/Jun/2023:10:51:10 +0000] "GET /portfolio/dashboard/1 HTTP/1.1" 200 139 "-" "PostmanRuntime/7.32.3"
::1 - - [17/Jun/2023:10:56:28 +0000] "GET /portfolio/dashboard/1 HTTP/1.1" 200 139 "-" "PostmanRuntime/7.32.3"
::1 - - [17/Jun/2023:10:57:42 +0000] "GET /portfolio/dashboard/1 HTTP/1.1" 200 139 "-" "PostmanRuntime/7.32.3"
::1 - - [17/Jun/2023:11:00:32 +0000] "GET /portfolio/dashboard/1 HTTP/1.1" 200 139 "-" "PostmanRuntime/7.32.3"
::1 - - [17/Jun/2023:11:01:03 +0000] "GET /portfolio/dashboard/1 HTTP/1.1" 200 139 "-" "PostmanRuntime/7.32.3"
::1 - - [17/Jun/2023:11:01:45 +0000] "GET /portfolio/dashboard/1 HTTP/1.1" 200 139 "-" "PostmanRuntime/7.32.3"
::1 - - [17/Jun/2023:11:03:00 +0000] "GET /portfolio/dashboard/1 HTTP/1.1" 200 139 "-" "PostmanRuntime/7.32.3"
::1 - - [17/Jun/2023:11:04:19 +0000] "GET /portfolio/dashboard/1 HTTP/1.1" 200 139 "-" "PostmanRuntime/7.32.3"
::1 - - [17/Jun/2023:11:04:19 +0000] "GET /portfolio/dashboard/1 HTTP/1.1" 200 139 "-" "PostmanRuntime/7.32.3"
::1 - - [17/Jun/2023:11:04:21 +0000] "GET /portfolio/dashboard/1 HTTP/1.1" 200 139 "-" "PostmanRuntime/7.32.3"
::1 - - [17/Jun/2023:11:04:21 +0000] "GET /portfolio/dashboard/1 HTTP/1.1" 200 139 "-" "PostmanRuntime/7.32.3"
::1 - - [17/Jun/2023:11:04:41 +0000] "GET /portfolio/dashboard/1 HTTP/1.1" 200 139 "-" "PostmanRuntime/7.32.3"
::1 - - [17/Jun/2023:11:05:11 +0000] "GET /portfolio/dashboard/1 HTTP/1.1" 200 139 "-" "PostmanRuntime/7.32.3"
::1 - - [17/Jun/2023:11:05:40 +0000] "GET /portfolio/dashboard/1 HTTP/1.1" 200 139 "-" "PostmanRuntime/7.32.3"
::1 - - [17/Jun/2023:11:06:19 +0000] "GET /portfolio/dashboard/1 HTTP/1.1" 200 139 "-" "PostmanRuntime/7.32.3"
::1 - - [17/Jun/2023:11:06:59 +0000] "GET /portfolio/dashboard/1 HTTP/1.1" 200 140 "-" "PostmanRuntime/7.32.3"
::1 - - [17/Jun/2023:11:07:25 +0000] "GET /portfolio/dashboard/1 HTTP/1.1" 200 147 "-" "PostmanRuntime/7.32.3"
::1 - - [17/Jun/2023:12:17:01 +0000] "GET /portfolio/dashboard/1 HTTP/1.1" 200 147 "-" "PostmanRuntime/7.32.3"
::1 - - [17/Jun/2023:12:32:24 +0000] "GET /portfolio/dashboard/1 HTTP/1.1" 200 147 "-" "PostmanRuntime/7.32.3"
::1 - - [17/Jun/2023:12:32:26 +0000] "GET /portfolio/dashboard/1 HTTP/1.1" 200 147 "-" "PostmanRuntime/7.32.3"
::1 - - [17/Jun/2023:12:33:01 +0000] "GET /portfolio/dashboard/1 HTTP/1.1" 200 147 "-" "PostmanRuntime/7.32.3"
::1 - - [17/Jun/2023:12:35:59 +0000] "GET /portfolio/dashboard/1 HTTP/1.1" 200 147 "-" "PostmanRuntime/7.32.3"
::1 - - [17/Jun/2023:12:36:31 +0000] "GET /portfolio/dashboard/1 HTTP/1.1" 200 147 "-" "PostmanRuntime/7.32.3"
::1 - - [17/Jun/2023:13:07:21 +0000] "GET /portfolio/dashboard/1 HTTP/1.1" 200 147 "-" "PostmanRuntime/7.32.3"
::1 - - [17/Jun/2023:13:07:55 +0000] "GET /portfolio/dashboard/2 HTTP/1.1" 200 142 "-" "PostmanRuntime/7.32.3"
::1 - - [17/Jun/2023:13:09:09 +0000] "GET /portfolio/dashboard/2 HTTP/1.1" 200 142 "-" "PostmanRuntime/7.32.3"
::1 - - [17/Jun/2023:13:11:20 +0000] "GET /portfolio/dashboard/2 HTTP/1.1" 200 142 "-" "PostmanRuntime/7.32.3"
::1 - - [17/Jun/2023:13:17:34 +0000] "GET /portfolio/dashboard/2 HTTP/1.1" 200 142 "-" "PostmanRuntime/7.32.3"
::1 - - [17/Jun/2023:13:18:01 +0000] "GET /portfolio/dashboard/2 HTTP/1.1" 200 142 "-" "PostmanRuntime/7.32.3"
::1 - - [17/Jun/2023:13:27:44 +0000] "GET /portfolio/dashboard/2 HTTP/1.1" 200 142 "-" "PostmanRuntime/7.32.3"
::1 - - [17/Jun/2023:13:28:19 +0000] "GET /portfolio/dashboard/2 HTTP/1.1" 200 142 "-" "PostmanRuntime/7.32.3"
::1 - - [17/Jun/2023:13:35:02 +0000] "GET /portfolio/dashboard/2 HTTP/1.1" 200 142 "-" "PostmanRuntime/7.32.3"
::1 - - [17/Jun/2023:13:46:14 +0000] "GET /portfolio/dashboard/2 HTTP/1.1" 200 142 "-" "PostmanRuntime/7.32.3"
::1 - - [17/Jun/2023:13:46:31 +0000] "GET /portfolio/dashboard/2 HTTP/1.1" 200 142 "-" "PostmanRuntime/7.32.3"
::1 - - [17/Jun/2023:13:52:50 +0000] "GET /portfolio/dashboard/2 HTTP/1.1" 200 142 "-" "PostmanRuntime/7.32.3"
::1 - - [17/Jun/2023:13:54:18 +0000] "GET /portfolio/dashboard/2 HTTP/1.1" 200 142 "-" "PostmanRuntime/7.32.3"
::1 - - [17/Jun/2023:13:55:13 +0000] "GET /portfolio/dashboard/2 HTTP/1.1" 200 142 "-" "PostmanRuntime/7.32.3"
::1 - - [17/Jun/2023:14:02:03 +0000] "GET /portfolio/dashboard/2 HTTP/1.1" 200 142 "-" "PostmanRuntime/7.32.3"
::1 - - [17/Jun/2023:14:03:21 +0000] "GET /portfolio/dashboard/2 HTTP/1.1" 200 142 "-" "PostmanRuntime/7.32.3"
::1 - - [17/Jun/2023:14:03:35 +0000] "GET /portfolio/dashboard/2 HTTP/1.1" 200 142 "-" "PostmanRuntime/7.32.3"
::1 - - [17/Jun/2023:14:04:29 +0000] "GET /portfolio/dashboard/2 HTTP/1.1" 200 142 "-" "PostmanRuntime/7.32.3"
::1 - - [17/Jun/2023:14:05:18 +0000] "GET /portfolio/dashboard/2 HTTP/1.1" 200 142 "-" "PostmanRuntime/7.32.3"
::1 - - [17/Jun/2023:14:06:32 +0000] "GET /portfolio/dashboard/2 HTTP/1.1" 200 142 "-" "PostmanRuntime/7.32.3"
::1 - - [17/Jun/2023:14:07:02 +0000] "GET /portfolio/dashboard/2 HTTP/1.1" 200 142 "-" "PostmanRuntime/7.32.3"
::1 - - [17/Jun/2023:14:07:04 +0000] "GET /portfolio/dashboard/2 HTTP/1.1" 200 142 "-" "PostmanRuntime/7.32.3"
::1 - - [17/Jun/2023:14:07:34 +0000] "GET /portfolio/dashboard/2 HTTP/1.1" 200 142 "-" "PostmanRuntime/7.32.3"
::1 - - [17/Jun/2023:14:07:42 +0000] "GET /portfolio/dashboard/2 HTTP/1.1" 200 142 "-" "PostmanRuntime/7.32.3"
::1 - - [17/Jun/2023:14:08:04 +0000] "GET /portfolio/dashboard/2 HTTP/1.1" 200 142 "-" "PostmanRuntime/7.32.3"
::1 - - [17/Jun/2023:14:08:05 +0000] "GET /portfolio/dashboard/2 HTTP/1.1" 200 142 "-" "PostmanRuntime/7.32.3"
::1 - - [17/Jun/2023:14:08:41 +0000] "GET /portfolio/dashboard/2 HTTP/1.1" 200 142 "-" "PostmanRuntime/7.32.3"
::1 - - [17/Jun/2023:14:09:48 +0000] "GET /portfolio/dashboard/2 HTTP/1.1" 200 142 "-" "PostmanRuntime/7.32.3"
::1 - - [17/Jun/2023:14:10:18 +0000] "GET /portfolio/dashboard/2 HTTP/1.1" 200 142 "-" "PostmanRuntime/7.32.3"
::1 - - [17/Jun/2023:14:12:21 +0000] "GET /portfolio/dashboard/2 HTTP/1.1" 200 142 "-" "PostmanRuntime/7.32.3"
::1 - - [17/Jun/2023:14:12:36 +0000] "GET /portfolio/dashboard/2 HTTP/1.1" 200 142 "-" "PostmanRuntime/7.32.3"
::1 - - [17/Jun/2023:14:13:13 +0000] "GET /portfolio/dashboard/2 HTTP/1.1" 200 142 "-" "PostmanRuntime/7.32.3"
::1 - - [17/Jun/2023:14:14:01 +0000] "GET /portfolio/dashboard/2 HTTP/1.1" 200 142 "-" "PostmanRuntime/7.32.3"
::1 - - [17/Jun/2023:14:15:36 +0000] "GET /portfolio/dashboard/2 HTTP/1.1" 200 142 "-" "PostmanRuntime/7.32.3"
::1 - - [17/Jun/2023:14:15:46 +0000] "GET /portfolio/dashboard/2 HTTP/1.1" 200 142 "-" "PostmanRuntime/7.32.3"
::1 - - [17/Jun/2023:14:19:08 +0000] "GET /portfolio/dashboard/2 HTTP/1.1" 200 142 "-" "PostmanRuntime/7.32.3"
::1 - - [17/Jun/2023:14:20:00 +0000] "GET /portfolio/dashboard/2 HTTP/1.1" 200 142 "-" "PostmanRuntime/7.32.3"
::1 - - [17/Jun/2023:14:20:01 +0000] "GET /portfolio/dashboard/2 HTTP/1.1" 200 142 "-" "PostmanRuntime/7.32.3"
::1 - - [17/Jun/2023:14:20:03 +0000] "GET /portfolio/dashboard/2 HTTP/1.1" 200 142 "-" "PostmanRuntime/7.32.3"
::1 - - [17/Jun/2023:14:20:41 +0000] "GET /portfolio/dashboard/2 HTTP/1.1" 200 142 "-" "PostmanRuntime/7.32.3"
::1 - - [17/Jun/2023:14:20:44 +0000] "GET /portfolio/dashboard/2 HTTP/1.1" 200 142 "-" "PostmanRuntime/7.32.3"
::1 - - [17/Jun/2023:14:22:17 +0000] "GET /portfolio/dashboard/2 HTTP/1.1" 200 142 "-" "PostmanRuntime/7.32.3"
::1 - - [17/Jun/2023:14:23:32 +0000] "GET /portfolio/dashboard/2 HTTP/1.1" 200 142 "-" "PostmanRuntime/7.32.3"
::1 - - [17/Jun/2023:14:24:46 +0000] "GET /portfolio/dashboard/2 HTTP/1.1" 200 142 "-" "PostmanRuntime/7.32.3"
::1 - - [17/Jun/2023:14:28:17 +0000] "GET /portfolio/dashboard/2 HTTP/1.1" 200 142 "-" "PostmanRuntime/7.32.3"
::1 - - [17/Jun/2023:14:29:44 +0000] "GET /portfolio/dashboard/2 HTTP/1.1" 200 142 "-" "PostmanRuntime/7.32.3"
::1 - - [17/Jun/2023:14:31:22 +0000] "GET /portfolio/dashboard/2 HTTP/1.1" 200 142 "-" "PostmanRuntime/7.32.3"
::1 - - [17/Jun/2023:14:33:45 +0000] "GET /portfolio/dashboard/2 HTTP/1.1" 200 142 "-" "PostmanRuntime/7.32.3"
::1 - - [17/Jun/2023:14:39:27 +0000] "GET /portfolio/dashboard/2 HTTP/1.1" 200 142 "-" "PostmanRuntime/7.32.3"
::1 - - [17/Jun/2023:14:40:16 +0000] "GET /portfolio/dashboard/2 HTTP/1.1" 200 142 "-" "PostmanRuntime/7.32.3"
::1 - - [17/Jun/2023:14:40:17 +0000] "GET /portfolio/dashboard/2 HTTP/1.1" 200 142 "-" "PostmanRuntime/7.32.3"
::1 - - [17/Jun/2023:14:41:12 +0000] "GET /portfolio/dashboard/2 HTTP/1.1" 200 142 "-" "PostmanRuntime/7.32.3"
::1 - - [17/Jun/2023:14:43:01 +0000] "GET /portfolio/dashboard/2 HTTP/1.1" 200 142 "-" "PostmanRuntime/7.32.3"
::1 - - [17/Jun/2023:14:48:44 +0000] "GET /portfolio/dashboard/2 HTTP/1.1" 200 142 "-" "PostmanRuntime/7.32.3"
::1 - - [17/Jun/2023:14:50:02 +0000] "GET /portfolio/dashboard/2 HTTP/1.1" 200 10 "-" "PostmanRuntime/7.32.3"
::1 - - [17/Jun/2023:14:50:09 +0000] "GET /portfolio/dashboard/2 HTTP/1.1" 200 10 "-" "PostmanRuntime/7.32.3"
::1 - - [17/Jun/2023:14:50:09 +0000] "GET /portfolio/dashboard/2 HTTP/1.1" 200 10 "-" "PostmanRuntime/7.32.3"
::1 - - [17/Jun/2023:14:50:11 +0000] "GET /portfolio/dashboard/2 HTTP/1.1" 200 10 "-" "PostmanRuntime/7.32.3"
::1 - - [17/Jun/2023:14:50:27 +0000] "GET /portfolio/dashboard/2 HTTP/1.1" 200 10 "-" "PostmanRuntime/7.32.3"
