::1 - - [12/Jun/2023:08:11:03 +0000] "GET /test/FR0000045072&p HTTP/1.1" 401 31 "-" "PostmanRuntime/7.32.2"
::1 - - [12/Jun/2023:08:11:25 +0000] "POST /user/signin HTTP/1.1" 200 245 "-" "PostmanRuntime/7.32.2"
::1 - - [12/Jun/2023:08:11:49 +0000] "GET /test/FR0000045072&p HTTP/1.1" 200 110 "-" "PostmanRuntime/7.32.2"
::1 - - [12/Jun/2023:09:34:48 +0000] "GET /test/FR0000013106&p HTTP/1.1" 200 10 "-" "PostmanRuntime/7.32.2"
::1 - - [12/Jun/2023:09:35:10 +0000] "GET /test/FR0000131906&p HTTP/1.1" 200 102 "-" "PostmanRuntime/7.32.2"
::1 - - [12/Jun/2023:13:02:55 +0000] "GET /trade/activee HTTP/1.1" 200 17 "-" "PostmanRuntime/7.32.2"
::1 - - [12/Jun/2023:13:03:18 +0000] "GET /trade/active HTTP/1.1" 200 167 "-" "PostmanRuntime/7.32.2"
::1 - - [12/Jun/2023:13:04:37 +0000] "GET /trade/active HTTP/1.1" 200 334 "-" "PostmanRuntime/7.32.2"
::1 - - [12/Jun/2023:13:29:47 +0000] "GET //trade/activeByUser/:1 HTTP/1.1" 200 17 "-" "PostmanRuntime/7.32.2"
::1 - - [12/Jun/2023:13:29:54 +0000] "GET //trade/activeByUser/1 HTTP/1.1" 200 17 "-" "PostmanRuntime/7.32.2"
::1 - - [12/Jun/2023:13:29:55 +0000] "GET //trade/activeByUser/1 HTTP/1.1" 200 17 "-" "PostmanRuntime/7.32.2"
::1 - - [12/Jun/2023:13:29:56 +0000] "GET //trade/activeByUser/1 HTTP/1.1" 200 17 "-" "PostmanRuntime/7.32.2"
::1 - - [12/Jun/2023:13:30:40 +0000] "GET //trade/activeByUser/1 HTTP/1.1" 200 17 "-" "PostmanRuntime/7.32.2"
::1 - - [12/Jun/2023:13:30:41 +0000] "GET //trade/activeByUser/1 HTTP/1.1" 200 17 "-" "PostmanRuntime/7.32.2"
::1 - - [12/Jun/2023:13:30:42 +0000] "GET //trade/activeByUser/1 HTTP/1.1" 200 17 "-" "PostmanRuntime/7.32.2"
::1 - - [12/Jun/2023:13:30:52 +0000] "GET //trade/activeByUser/1 HTTP/1.1" 200 17 "-" "PostmanRuntime/7.32.2"
::1 - - [12/Jun/2023:13:31:04 +0000] "GET /trade/activeByUser/1 HTTP/1.1" 200 167 "-" "PostmanRuntime/7.32.2"
::1 - - [12/Jun/2023:13:31:09 +0000] "GET /trade/activeByUser/2 HTTP/1.1" 200 168 "-" "PostmanRuntime/7.32.2"
::1 - - [12/Jun/2023:13:56:21 +0000] "GET /trade/activeByUser/2 HTTP/1.1" 200 168 "-" "PostmanRuntime/7.32.2"
::1 - - [12/Jun/2023:13:56:22 +0000] "GET /trade/activeByUser/2 HTTP/1.1" 200 168 "-" "PostmanRuntime/7.32.2"
::1 - - [12/Jun/2023:13:56:23 +0000] "GET /trade/activeByUser/2 HTTP/1.1" 200 168 "-" "PostmanRuntime/7.32.2"
::1 - - [12/Jun/2023:13:56:24 +0000] "GET /trade/activeByUser/2 HTTP/1.1" 200 168 "-" "PostmanRuntime/7.32.2"
::1 - - [12/Jun/2023:13:56:56 +0000] "GET /trade/activeByUser/1 HTTP/1.1" 200 167 "-" "PostmanRuntime/7.32.2"
::1 - - [12/Jun/2023:13:57:03 +0000] "GET /trade/activeByUser/2 HTTP/1.1" 200 168 "-" "PostmanRuntime/7.32.2"
::1 - - [12/Jun/2023:13:58:55 +0000] "GET /trade/activeByUser/2 HTTP/1.1" 200 334 "-" "PostmanRuntime/7.32.2"
::1 - - [12/Jun/2023:14:00:02 +0000] "GET /trade/activeByUser/2 HTTP/1.1" 200 334 "-" "PostmanRuntime/7.32.2"
::1 - - [12/Jun/2023:14:03:44 +0000] "GET /trade/activeByUser/2 HTTP/1.1" 200 334 "-" "PostmanRuntime/7.32.2"
::1 - - [12/Jun/2023:14:04:01 +0000] "GET /trade/activeByUser/2 HTTP/1.1" 200 334 "-" "PostmanRuntime/7.32.2"
::1 - - [12/Jun/2023:14:04:52 +0000] "GET /trade/activeByUser/2 HTTP/1.1" 200 334 "-" "PostmanRuntime/7.32.2"
::1 - - [12/Jun/2023:14:04:55 +0000] "GET /trade/activeByUser/2 HTTP/1.1" 200 334 "-" "PostmanRuntime/7.32.2"
::1 - - [12/Jun/2023:14:04:57 +0000] "GET /trade/activeByUser/2 HTTP/1.1" 200 334 "-" "PostmanRuntime/7.32.2"
::1 - - [12/Jun/2023:14:04:58 +0000] "GET /trade/activeByUser/2 HTTP/1.1" 200 334 "-" "PostmanRuntime/7.32.2"
::1 - - [12/Jun/2023:14:04:59 +0000] "GET /trade/activeByUser/2 HTTP/1.1" 200 334 "-" "PostmanRuntime/7.32.2"
::1 - - [12/Jun/2023:14:05:00 +0000] "GET /trade/activeByUser/2 HTTP/1.1" 200 334 "-" "PostmanRuntime/7.32.2"
::1 - - [12/Jun/2023:14:05:00 +0000] "GET /trade/activeByUser/2 HTTP/1.1" 200 334 "-" "PostmanRuntime/7.32.2"
::1 - - [12/Jun/2023:14:05:01 +0000] "GET /trade/activeByUser/2 HTTP/1.1" 200 334 "-" "PostmanRuntime/7.32.2"
::1 - - [12/Jun/2023:14:05:02 +0000] "GET /trade/activeByUser/2 HTTP/1.1" 200 334 "-" "PostmanRuntime/7.32.2"
::1 - - [12/Jun/2023:14:05:42 +0000] "GET /trade/activeByUser/2 HTTP/1.1" 200 334 "-" "PostmanRuntime/7.32.2"
::1 - - [12/Jun/2023:14:06:42 +0000] "GET /trade/activeByUser/2 HTTP/1.1" 200 334 "-" "PostmanRuntime/7.32.2"
::1 - - [12/Jun/2023:14:06:44 +0000] "GET /trade/activeByUser/2 HTTP/1.1" 200 334 "-" "PostmanRuntime/7.32.2"
::1 - - [12/Jun/2023:14:06:44 +0000] "GET /trade/activeByUser/2 HTTP/1.1" 200 334 "-" "PostmanRuntime/7.32.2"
::1 - - [12/Jun/2023:14:18:54 +0000] "GET /trade/activeByUser/2 HTTP/1.1" 200 334 "-" "PostmanRuntime/7.32.2"
::1 - - [12/Jun/2023:14:23:32 +0000] "GET /trade/activeByUser/2 HTTP/1.1" 200 334 "-" "PostmanRuntime/7.32.2"
::1 - - [12/Jun/2023:14:24:27 +0000] "GET /trade/activeByUser/2 HTTP/1.1" 200 334 "-" "PostmanRuntime/7.32.2"
::1 - - [12/Jun/2023:14:29:10 +0000] "GET /trade/activeByUser/2 HTTP/1.1" 200 432 "-" "PostmanRuntime/7.32.2"
::1 - - [12/Jun/2023:14:33:19 +0000] "GET /trade/activeByUser/2 HTTP/1.1" 200 10 "-" "PostmanRuntime/7.32.2"
::1 - - [12/Jun/2023:14:33:21 +0000] "GET /trade/activeByUser/2 HTTP/1.1" 200 10 "-" "PostmanRuntime/7.32.2"
::1 - - [12/Jun/2023:14:33:55 +0000] "GET /trade/activeByUser/2 HTTP/1.1" 200 10 "-" "PostmanRuntime/7.32.2"
::1 - - [12/Jun/2023:14:33:56 +0000] "GET /trade/activeByUser/2 HTTP/1.1" 200 10 "-" "PostmanRuntime/7.32.2"
::1 - - [12/Jun/2023:14:34:56 +0000] "GET /trade/activeByUser/2 HTTP/1.1" 200 10 "-" "PostmanRuntime/7.32.2"
::1 - - [12/Jun/2023:14:37:06 +0000] "GET /trade/activeByUser/2 HTTP/1.1" 200 10 "-" "PostmanRuntime/7.32.2"
::1 - - [12/Jun/2023:14:37:07 +0000] "GET /trade/activeByUser/2 HTTP/1.1" 200 10 "-" "PostmanRuntime/7.32.2"
::1 - - [12/Jun/2023:14:37:45 +0000] "GET /trade/activeByUser/2 HTTP/1.1" 200 10 "-" "PostmanRuntime/7.32.2"
::1 - - [12/Jun/2023:14:37:59 +0000] "GET /trade/activeByUser/2 HTTP/1.1" 200 10 "-" "PostmanRuntime/7.32.2"
::1 - - [12/Jun/2023:14:38:44 +0000] "GET /trade/activeByUser/2 HTTP/1.1" 200 10 "-" "PostmanRuntime/7.32.2"
::1 - - [12/Jun/2023:14:39:21 +0000] "GET /trade/activeByUser/2 HTTP/1.1" 200 10 "-" "PostmanRuntime/7.32.2"
::1 - - [12/Jun/2023:14:39:43 +0000] "GET /trade/activeByUser/2 HTTP/1.1" 200 10 "-" "PostmanRuntime/7.32.2"
::1 - - [12/Jun/2023:14:40:01 +0000] "GET /trade/activeByUser/2 HTTP/1.1" 200 10 "-" "PostmanRuntime/7.32.2"
::1 - - [12/Jun/2023:14:40:02 +0000] "GET /trade/activeByUser/2 HTTP/1.1" 200 10 "-" "PostmanRuntime/7.32.2"
::1 - - [12/Jun/2023:14:40:03 +0000] "GET /trade/activeByUser/2 HTTP/1.1" 200 10 "-" "PostmanRuntime/7.32.2"
::1 - - [12/Jun/2023:14:40:36 +0000] "GET /trade/activeByUser/2 HTTP/1.1" 200 10 "-" "PostmanRuntime/7.32.2"
::1 - - [12/Jun/2023:14:40:40 +0000] "GET /trade/activeByUser/2 HTTP/1.1" 200 10 "-" "PostmanRuntime/7.32.2"
::1 - - [12/Jun/2023:14:40:41 +0000] "GET /trade/activeByUser/2 HTTP/1.1" 200 10 "-" "PostmanRuntime/7.32.2"
::1 - - [12/Jun/2023:14:40:41 +0000] "GET /trade/activeByUser/2 HTTP/1.1" 200 10 "-" "PostmanRuntime/7.32.2"
::1 - - [12/Jun/2023:14:40:42 +0000] "GET /trade/activeByUser/2 HTTP/1.1" 200 10 "-" "PostmanRuntime/7.32.2"
::1 - - [12/Jun/2023:14:41:42 +0000] "GET /trade/activeByUser/2 HTTP/1.1" 200 10 "-" "PostmanRuntime/7.32.2"
::1 - - [12/Jun/2023:14:41:42 +0000] "GET /trade/activeByUser/2 HTTP/1.1" 200 10 "-" "PostmanRuntime/7.32.2"
::1 - - [12/Jun/2023:14:41:44 +0000] "GET /trade/activeByUser/2 HTTP/1.1" 200 10 "-" "PostmanRuntime/7.32.2"
::1 - - [12/Jun/2023:14:41:44 +0000] "GET /trade/activeByUser/2 HTTP/1.1" 200 10 "-" "PostmanRuntime/7.32.2"
::1 - - [12/Jun/2023:14:42:28 +0000] "GET /trade/activeByUser/2 HTTP/1.1" 200 10 "-" "PostmanRuntime/7.32.2"
::1 - - [12/Jun/2023:14:42:29 +0000] "GET /trade/activeByUser/2 HTTP/1.1" 200 10 "-" "PostmanRuntime/7.32.2"
::1 - - [12/Jun/2023:14:42:30 +0000] "GET /trade/activeByUser/2 HTTP/1.1" 200 10 "-" "PostmanRuntime/7.32.2"
::1 - - [12/Jun/2023:14:42:46 +0000] "GET /trade/activeByUser/2 HTTP/1.1" 200 10 "-" "PostmanRuntime/7.32.2"
::1 - - [12/Jun/2023:14:43:11 +0000] "GET /trade/activeByUser/2 HTTP/1.1" 200 10 "-" "PostmanRuntime/7.32.2"
::1 - - [12/Jun/2023:14:43:52 +0000] "GET /trade/activeByUser/2 HTTP/1.1" 200 432 "-" "PostmanRuntime/7.32.2"
::1 - - [12/Jun/2023:14:44:31 +0000] "GET /trade/activeByUser/2 HTTP/1.1" 200 10 "-" "PostmanRuntime/7.32.2"
::1 - - [12/Jun/2023:14:44:33 +0000] "GET /trade/activeByUser/2 HTTP/1.1" 200 10 "-" "PostmanRuntime/7.32.2"
::1 - - [12/Jun/2023:14:44:47 +0000] "GET /trade/activeByUser/2 HTTP/1.1" 200 432 "-" "PostmanRuntime/7.32.2"
::1 - - [12/Jun/2023:14:45:21 +0000] "GET /trade/activeByUser/2 HTTP/1.1" 200 10 "-" "PostmanRuntime/7.32.2"
::1 - - [12/Jun/2023:14:45:59 +0000] "GET /trade/activeByUser/2 HTTP/1.1" 200 432 "-" "PostmanRuntime/7.32.2"
::1 - - [12/Jun/2023:14:46:20 +0000] "GET /trade/activeByUser/2 HTTP/1.1" 200 432 "-" "PostmanRuntime/7.32.2"
::1 - - [12/Jun/2023:14:46:21 +0000] "GET /trade/activeByUser/2 HTTP/1.1" 200 432 "-" "PostmanRuntime/7.32.2"
::1 - - [12/Jun/2023:14:46:57 +0000] "GET /trade/activeByUser/2 HTTP/1.1" 200 432 "-" "PostmanRuntime/7.32.2"
::1 - - [12/Jun/2023:14:47:22 +0000] "GET /trade/activeByUser/2 HTTP/1.1" 200 10 "-" "PostmanRuntime/7.32.2"
::1 - - [12/Jun/2023:14:48:38 +0000] "GET /trade/activeByUser/2 HTTP/1.1" 200 432 "-" "PostmanRuntime/7.32.2"
::1 - - [12/Jun/2023:14:49:21 +0000] "GET /trade/activeByUser/2 HTTP/1.1" 200 432 "-" "PostmanRuntime/7.32.2"
::1 - - [12/Jun/2023:14:55:12 +0000] "GET /trade/activeByUser/2 HTTP/1.1" 200 432 "-" "PostmanRuntime/7.32.2"
::1 - - [12/Jun/2023:14:58:51 +0000] "GET /trade/activeByUser/2 HTTP/1.1" 200 432 "-" "PostmanRuntime/7.32.2"
::1 - - [12/Jun/2023:14:58:52 +0000] "GET /trade/activeByUser/2 HTTP/1.1" 200 432 "-" "PostmanRuntime/7.32.2"
::1 - - [12/Jun/2023:14:58:53 +0000] "GET /trade/activeByUser/2 HTTP/1.1" 200 432 "-" "PostmanRuntime/7.32.2"
::1 - - [12/Jun/2023:15:01:06 +0000] "GET /trade/activeByUser/2 HTTP/1.1" 200 1038 "-" "PostmanRuntime/7.32.2"
::1 - - [12/Jun/2023:15:01:36 +0000] "GET /trade/activeByUser/2 HTTP/1.1" 200 1466 "-" "PostmanRuntime/7.32.2"
::1 - - [12/Jun/2023:15:01:38 +0000] "GET /trade/activeByUser/2 HTTP/1.1" 200 1466 "-" "PostmanRuntime/7.32.2"
::1 - - [12/Jun/2023:15:03:12 +0000] "GET /trade/activeByUser/2 HTTP/1.1" 200 1476 "-" "PostmanRuntime/7.32.2"
::1 - - [12/Jun/2023:15:03:13 +0000] "GET /trade/activeByUser/2 HTTP/1.1" 200 1476 "-" "PostmanRuntime/7.32.2"
::1 - - [12/Jun/2023:15:05:55 +0000] "GET /trade/activeByUser/2 HTTP/1.1" 200 475 "-" "PostmanRuntime/7.32.2"
::1 - - [12/Jun/2023:15:08:53 +0000] "GET /trade/activeByUser/2 HTTP/1.1" 200 475 "-" "PostmanRuntime/7.32.2"
::1 - - [12/Jun/2023:15:20:25 +0000] "GET /trade/activeByUser/2 HTTP/1.1" 200 10 "-" "PostmanRuntime/7.32.2"
::1 - - [12/Jun/2023:15:20:27 +0000] "GET /trade/activeByUser/2 HTTP/1.1" 200 10 "-" "PostmanRuntime/7.32.2"
::1 - - [12/Jun/2023:15:20:57 +0000] "GET /trade/activeByUser/2 HTTP/1.1" 200 1403 "-" "PostmanRuntime/7.32.2"
::1 - - [12/Jun/2023:15:21:01 +0000] "GET /trade/activeByUser/2 HTTP/1.1" 200 1403 "-" "PostmanRuntime/7.32.2"
::1 - - [12/Jun/2023:15:21:30 +0000] "GET /trade/activeByUser/2 HTTP/1.1" 200 10 "-" "PostmanRuntime/7.32.2"
::1 - - [12/Jun/2023:15:21:31 +0000] "GET /trade/activeByUser/2 HTTP/1.1" 200 10 "-" "PostmanRuntime/7.32.2"
::1 - - [12/Jun/2023:15:21:32 +0000] "GET /trade/activeByUser/2 HTTP/1.1" 200 10 "-" "PostmanRuntime/7.32.2"
::1 - - [12/Jun/2023:15:21:33 +0000] "GET /trade/activeByUser/2 HTTP/1.1" 200 10 "-" "PostmanRuntime/7.32.2"
::1 - - [12/Jun/2023:15:21:55 +0000] "GET /trade/activeByUser/2 HTTP/1.1" 200 10 "-" "PostmanRuntime/7.32.2"
::1 - - [12/Jun/2023:15:21:56 +0000] "GET /trade/activeByUser/2 HTTP/1.1" 200 10 "-" "PostmanRuntime/7.32.2"
::1 - - [12/Jun/2023:15:22:15 +0000] "GET /trade/activeByUser/2 HTTP/1.1" 200 475 "-" "PostmanRuntime/7.32.2"
::1 - - [12/Jun/2023:15:24:49 +0000] "GET /trade/activeByUser/2 HTTP/1.1" 200 650 "-" "PostmanRuntime/7.32.2"
::1 - - [12/Jun/2023:15:25:15 +0000] "GET /trade/activeByUser/2 HTTP/1.1" 200 1466 "-" "PostmanRuntime/7.32.2"
::1 - - [12/Jun/2023:15:26:27 +0000] "GET /trade/activeByUser/2 HTTP/1.1" 200 1466 "-" "PostmanRuntime/7.32.2"
::1 - - [12/Jun/2023:15:26:28 +0000] "GET /trade/activeByUser/2 HTTP/1.1" 200 1466 "-" "PostmanRuntime/7.32.2"
::1 - - [12/Jun/2023:15:26:29 +0000] "GET /trade/activeByUser/2 HTTP/1.1" 200 1466 "-" "PostmanRuntime/7.32.2"
::1 - - [12/Jun/2023:15:26:44 +0000] "GET /trade/activeByUser/2 HTTP/1.1" 200 684 "-" "PostmanRuntime/7.32.2"
::1 - - [12/Jun/2023:15:27:05 +0000] "GET /trade/activeByUser/2 HTTP/1.1" 200 679 "-" "PostmanRuntime/7.32.2"
::1 - - [12/Jun/2023:15:32:19 +0000] "GET /trade/activeByUser/2 HTTP/1.1" 200 679 "-" "PostmanRuntime/7.32.2"
::1 - - [12/Jun/2023:15:32:57 +0000] "GET /trade/activeByUser/2 HTTP/1.1" 200 679 "-" "PostmanRuntime/7.32.2"
::1 - - [12/Jun/2023:15:35:25 +0000] "GET /trade/activeByUser/2 HTTP/1.1" 200 10 "-" "PostmanRuntime/7.32.2"
::1 - - [12/Jun/2023:15:35:45 +0000] "GET /trade/activeByUser/2 HTTP/1.1" 200 10 "-" "PostmanRuntime/7.32.2"
::1 - - [12/Jun/2023:15:36:07 +0000] "GET /trade/activeByUser/2 HTTP/1.1" 200 679 "-" "PostmanRuntime/7.32.2"
::1 - - [12/Jun/2023:15:36:54 +0000] "GET /trade/activeByUser/2 HTTP/1.1" 200 523 "-" "PostmanRuntime/7.32.2"
::1 - - [12/Jun/2023:15:38:16 +0000] "GET /trade/activeByUser/2 HTTP/1.1" 200 523 "-" "PostmanRuntime/7.32.2"
::1 - - [12/Jun/2023:15:38:16 +0000] "GET /trade/activeByUser/2 HTTP/1.1" 200 523 "-" "PostmanRuntime/7.32.2"
::1 - - [12/Jun/2023:15:49:57 +0000] "GET /trade/activeByUser/2 HTTP/1.1" 200 1120 "-" "PostmanRuntime/7.32.2"
::1 - - [12/Jun/2023:15:50:15 +0000] "GET /trade/activeByUser/2 HTTP/1.1" 200 523 "-" "PostmanRuntime/7.32.2"
::1 - - [12/Jun/2023:15:51:35 +0000] "GET /trade/activeByUser/2 HTTP/1.1" 200 523 "-" "PostmanRuntime/7.32.2"
::1 - - [12/Jun/2023:15:51:36 +0000] "GET /trade/activeByUser/2 HTTP/1.1" 200 523 "-" "PostmanRuntime/7.32.2"
::1 - - [12/Jun/2023:15:54:43 +0000] "GET /trade/activeByUser/2 HTTP/1.1" 200 523 "-" "PostmanRuntime/7.32.2"
::1 - - [12/Jun/2023:15:54:44 +0000] "GET /trade/activeByUser/2 HTTP/1.1" 200 523 "-" "PostmanRuntime/7.32.2"
::1 - - [12/Jun/2023:15:55:09 +0000] "GET /trade/activeByUser/2 HTTP/1.1" 200 1140 "-" "PostmanRuntime/7.32.2"
::1 - - [12/Jun/2023:15:56:04 +0000] "GET /trade/activeByUser/2 HTTP/1.1" 200 1134 "-" "PostmanRuntime/7.32.2"
::1 - - [12/Jun/2023:15:56:05 +0000] "GET /trade/activeByUser/2 HTTP/1.1" 200 1134 "-" "PostmanRuntime/7.32.2"
::1 - - [12/Jun/2023:15:56:06 +0000] "GET /trade/activeByUser/2 HTTP/1.1" 200 1134 "-" "PostmanRuntime/7.32.2"
::1 - - [12/Jun/2023:15:56:07 +0000] "GET /trade/activeByUser/2 HTTP/1.1" 200 1134 "-" "PostmanRuntime/7.32.2"
::1 - - [12/Jun/2023:15:56:08 +0000] "GET /trade/activeByUser/2 HTTP/1.1" 200 1134 "-" "PostmanRuntime/7.32.2"
::1 - - [12/Jun/2023:15:56:25 +0000] "GET /trade/activeByUser/2 HTTP/1.1" 200 1136 "-" "PostmanRuntime/7.32.2"
::1 - - [12/Jun/2023:15:56:26 +0000] "GET /trade/activeByUser/2 HTTP/1.1" 200 1136 "-" "PostmanRuntime/7.32.2"
::1 - - [12/Jun/2023:15:56:34 +0000] "GET /trade/activeByUser/2 HTTP/1.1" 200 523 "-" "PostmanRuntime/7.32.2"
::1 - - [12/Jun/2023:16:55:12 +0000] "GET /trade/activeByUser/2 HTTP/1.1" 200 523 "-" "PostmanRuntime/7.32.2"
::1 - - [12/Jun/2023:16:55:13 +0000] "GET /trade/activeByUser/2 HTTP/1.1" 200 523 "-" "PostmanRuntime/7.32.2"
::1 - - [12/Jun/2023:16:56:15 +0000] "GET /trade/activeByUser/2 HTTP/1.1" 200 1345 "-" "PostmanRuntime/7.32.2"
::1 - - [12/Jun/2023:16:57:08 +0000] "GET /trade/activeByUser/2 HTTP/1.1" 200 523 "-" "PostmanRuntime/7.32.2"
::1 - - [12/Jun/2023:16:57:33 +0000] "GET /trade/activeByUser/2 HTTP/1.1" 200 523 "-" "PostmanRuntime/7.32.2"
::1 - - [12/Jun/2023:16:57:34 +0000] "GET /trade/activeByUser/2 HTTP/1.1" 200 523 "-" "PostmanRuntime/7.32.2"
::1 - - [12/Jun/2023:16:57:35 +0000] "GET /trade/activeByUser/2 HTTP/1.1" 200 523 "-" "PostmanRuntime/7.32.2"
::1 - - [12/Jun/2023:16:57:36 +0000] "GET /trade/activeByUser/2 HTTP/1.1" 200 523 "-" "PostmanRuntime/7.32.2"
::1 - - [12/Jun/2023:16:57:37 +0000] "GET /trade/activeByUser/2 HTTP/1.1" 200 523 "-" "PostmanRuntime/7.32.2"
::1 - - [12/Jun/2023:16:57:38 +0000] "GET /trade/activeByUser/2 HTTP/1.1" 200 523 "-" "PostmanRuntime/7.32.2"
::1 - - [12/Jun/2023:16:57:47 +0000] "GET /trade/activeByUser/2 HTTP/1.1" 200 2 "-" "PostmanRuntime/7.32.2"
::1 - - [12/Jun/2023:16:57:59 +0000] "GET /trade/activeByUser/2 HTTP/1.1" 200 523 "-" "PostmanRuntime/7.32.2"
::1 - - [12/Jun/2023:16:58:39 +0000] "GET /trade/activeByUser/2 HTTP/1.1" 200 523 "-" "PostmanRuntime/7.32.2"
::1 - - [12/Jun/2023:16:59:11 +0000] "GET /trade/activeByUser/2 HTTP/1.1" 200 523 "-" "PostmanRuntime/7.32.2"
::1 - - [12/Jun/2023:17:01:34 +0000] "GET /trade/activeByUser/2 HTTP/1.1" 200 261 "-" "PostmanRuntime/7.32.2"
::1 - - [12/Jun/2023:17:01:50 +0000] "GET /trade/activeByUser/2 HTTP/1.1" 200 261 "-" "PostmanRuntime/7.32.2"
::1 - - [12/Jun/2023:17:01:51 +0000] "GET /trade/activeByUser/2 HTTP/1.1" 200 261 "-" "PostmanRuntime/7.32.2"
::1 - - [12/Jun/2023:17:01:57 +0000] "GET /trade/activeByUser/2 HTTP/1.1" 200 261 "-" "PostmanRuntime/7.32.2"
::1 - - [12/Jun/2023:17:02:13 +0000] "GET /trade/activeByUser/2 HTTP/1.1" 200 523 "-" "PostmanRuntime/7.32.2"
::1 - - [12/Jun/2023:17:03:48 +0000] "GET /trade/activeByUser/2 HTTP/1.1" 200 10 "-" "PostmanRuntime/7.32.2"
::1 - - [12/Jun/2023:17:03:49 +0000] "GET /trade/activeByUser/2 HTTP/1.1" 200 10 "-" "PostmanRuntime/7.32.2"
::1 - - [12/Jun/2023:17:03:50 +0000] "GET /trade/activeByUser/2 HTTP/1.1" 200 10 "-" "PostmanRuntime/7.32.2"
::1 - - [12/Jun/2023:17:04:04 +0000] "GET /trade/activeByUser/2 HTTP/1.1" 200 523 "-" "PostmanRuntime/7.32.2"
::1 - - [12/Jun/2023:17:05:26 +0000] "GET /trade/activeByUser/2 HTTP/1.1" 200 1474 "-" "PostmanRuntime/7.32.2"
::1 - - [12/Jun/2023:17:05:28 +0000] "GET /trade/activeByUser/2 HTTP/1.1" 200 1474 "-" "PostmanRuntime/7.32.2"
::1 - - [12/Jun/2023:17:05:44 +0000] "GET /trade/activeByUser/2 HTTP/1.1" 200 523 "-" "PostmanRuntime/7.32.2"
::1 - - [12/Jun/2023:17:08:08 +0000] "GET /trade/activeByUser/2 HTTP/1.1" 200 523 "-" "PostmanRuntime/7.32.2"
::1 - - [12/Jun/2023:17:08:10 +0000] "GET /trade/activeByUser/2 HTTP/1.1" 200 523 "-" "PostmanRuntime/7.32.2"
::1 - - [12/Jun/2023:17:11:47 +0000] "GET /trade/activeByUser/2 HTTP/1.1" 200 523 "-" "PostmanRuntime/7.32.2"
::1 - - [12/Jun/2023:19:03:46 +0000] "GET /trade/activeByUser/2 HTTP/1.1" 200 1511 "-" "PostmanRuntime/7.32.2"
::1 - - [12/Jun/2023:19:03:48 +0000] "GET /trade/activeByUser/2 HTTP/1.1" 200 1511 "-" "PostmanRuntime/7.32.2"
::1 - - [12/Jun/2023:19:52:24 +0000] "GET /trade/activeByUser/2 HTTP/1.1" 200 1131 "-" "PostmanRuntime/7.32.2"
::1 - - [12/Jun/2023:19:52:24 +0000] "GET /trade/activeByUser/2 HTTP/1.1" 200 1131 "-" "PostmanRuntime/7.32.2"
::1 - - [12/Jun/2023:19:53:59 +0000] "GET /trade/activeByUser/2 HTTP/1.1" 200 1117 "-" "PostmanRuntime/7.32.2"
::1 - - [12/Jun/2023:19:55:34 +0000] "GET /trade/activeByUser/2 HTTP/1.1" 200 523 "-" "PostmanRuntime/7.32.2"
::1 - - [12/Jun/2023:19:57:01 +0000] "GET /trade/activeByUser/2 HTTP/1.1" 200 1533 "-" "PostmanRuntime/7.32.2"
::1 - - [12/Jun/2023:19:57:43 +0000] "GET /trade/activeByUser/2 HTTP/1.1" 200 523 "-" "PostmanRuntime/7.32.2"
::1 - - [12/Jun/2023:19:58:17 +0000] "GET /trade/activeByUser/2 HTTP/1.1" 200 523 "-" "PostmanRuntime/7.32.2"
::1 - - [12/Jun/2023:19:59:48 +0000] "GET /trade/activeByUser/2 HTTP/1.1" 200 523 "-" "PostmanRuntime/7.32.2"
::1 - - [12/Jun/2023:19:59:49 +0000] "GET /trade/activeByUser/2 HTTP/1.1" 200 523 "-" "PostmanRuntime/7.32.2"
::1 - - [12/Jun/2023:20:00:07 +0000] "GET /trade/activeByUser/2 HTTP/1.1" 200 523 "-" "PostmanRuntime/7.32.2"
::1 - - [12/Jun/2023:20:00:08 +0000] "GET /trade/activeByUser/2 HTTP/1.1" 200 523 "-" "PostmanRuntime/7.32.2"
::1 - - [12/Jun/2023:20:00:08 +0000] "GET /trade/activeByUser/2 HTTP/1.1" 200 523 "-" "PostmanRuntime/7.32.2"
::1 - - [12/Jun/2023:20:01:15 +0000] "GET /trade/activeByUser/2 HTTP/1.1" 200 523 "-" "PostmanRuntime/7.32.2"
::1 - - [12/Jun/2023:20:01:15 +0000] "GET /trade/activeByUser/2 HTTP/1.1" 200 523 "-" "PostmanRuntime/7.32.2"
::1 - - [12/Jun/2023:20:01:31 +0000] "GET /trade/activeByUser/2 HTTP/1.1" 200 261 "-" "PostmanRuntime/7.32.2"
::1 - - [12/Jun/2023:20:01:47 +0000] "GET /trade/activeByUser/2 HTTP/1.1" 200 523 "-" "PostmanRuntime/7.32.2"
::1 - - [12/Jun/2023:20:04:27 +0000] "GET /trade/activeByUser/2 HTTP/1.1" 200 523 "-" "PostmanRuntime/7.32.2"
::1 - - [12/Jun/2023:20:04:28 +0000] "GET /trade/activeByUser/2 HTTP/1.1" 200 523 "-" "PostmanRuntime/7.32.2"
::1 - - [12/Jun/2023:20:07:18 +0000] "GET /trade/activeByUser/1 HTTP/1.1" 200 264 "-" "PostmanRuntime/7.32.2"
::1 - - [12/Jun/2023:20:07:28 +0000] "GET /trade/activeByUser/2 HTTP/1.1" 200 523 "-" "PostmanRuntime/7.32.2"
::1 - - [12/Jun/2023:20:11:07 +0000] "GET /trade/activeByUser/2 HTTP/1.1" 200 261 "-" "PostmanRuntime/7.32.2"
::1 - - [12/Jun/2023:20:11:36 +0000] "GET /trade/activeByUser/2 HTTP/1.1" 200 523 "-" "PostmanRuntime/7.32.2"
::1 - - [12/Jun/2023:20:11:38 +0000] "GET /trade/activeByUser/2 HTTP/1.1" 200 523 "-" "PostmanRuntime/7.32.2"
::1 - - [12/Jun/2023:20:12:06 +0000] "GET /trade/activeByUser/2 HTTP/1.1" 200 523 "-" "PostmanRuntime/7.32.2"
::1 - - [12/Jun/2023:20:12:17 +0000] "GET /trade/activeByUser/2 HTTP/1.1" 200 523 "-" "PostmanRuntime/7.32.2"
::1 - - [12/Jun/2023:20:13:04 +0000] "GET /trade/activeByUser/2 HTTP/1.1" 200 523 "-" "PostmanRuntime/7.32.2"
::1 - - [12/Jun/2023:20:14:45 +0000] "GET /trade/activeByUser/2 HTTP/1.1" 200 523 "-" "PostmanRuntime/7.32.2"
::1 - - [12/Jun/2023:20:14:57 +0000] "GET /trade/activeByUser/2 HTTP/1.1" 200 523 "-" "PostmanRuntime/7.32.2"
::1 - - [12/Jun/2023:20:15:03 +0000] "GET /trade/activeByUser/2 HTTP/1.1" 200 523 "-" "PostmanRuntime/7.32.2"
::1 - - [12/Jun/2023:20:15:03 +0000] "GET /trade/activeByUser/2 HTTP/1.1" 200 523 "-" "PostmanRuntime/7.32.2"
::1 - - [12/Jun/2023:20:15:26 +0000] "GET /trade/activeByUser/2 HTTP/1.1" 200 523 "-" "PostmanRuntime/7.32.2"
::1 - - [12/Jun/2023:20:16:06 +0000] "GET /trade/activeByUser/2 HTTP/1.1" 200 261 "-" "PostmanRuntime/7.32.2"
::1 - - [12/Jun/2023:20:16:08 +0000] "GET /trade/activeByUser/2 HTTP/1.1" 200 261 "-" "PostmanRuntime/7.32.2"
::1 - - [12/Jun/2023:20:16:27 +0000] "GET /trade/activeByUser/2 HTTP/1.1" 200 523 "-" "PostmanRuntime/7.32.2"
::1 - - [12/Jun/2023:20:16:44 +0000] "GET /trade/activeByUser/2 HTTP/1.1" 200 523 "-" "PostmanRuntime/7.32.2"
::1 - - [12/Jun/2023:20:18:44 +0000] "GET /trade/activeByUser/2 HTTP/1.1" 200 1472 "-" "PostmanRuntime/7.32.2"
::1 - - [12/Jun/2023:20:19:52 +0000] "GET /trade/activeByUser/2 HTTP/1.1" 200 1473 "-" "PostmanRuntime/7.32.2"
::1 - - [12/Jun/2023:20:19:53 +0000] "GET /trade/activeByUser/2 HTTP/1.1" 200 1473 "-" "PostmanRuntime/7.32.2"
::1 - - [12/Jun/2023:20:19:53 +0000] "GET /trade/activeByUser/2 HTTP/1.1" 200 1473 "-" "PostmanRuntime/7.32.2"
::1 - - [12/Jun/2023:20:20:30 +0000] "GET /trade/activeByUser/2 HTTP/1.1" 200 1472 "-" "PostmanRuntime/7.32.2"
::1 - - [12/Jun/2023:20:20:31 +0000] "GET /trade/activeByUser/2 HTTP/1.1" 200 1472 "-" "PostmanRuntime/7.32.2"
::1 - - [12/Jun/2023:20:22:44 +0000] "GET /trade/activeByUser/2 HTTP/1.1" 200 1472 "-" "PostmanRuntime/7.32.2"
::1 - - [12/Jun/2023:20:22:45 +0000] "GET /trade/activeByUser/2 HTTP/1.1" 200 1472 "-" "PostmanRuntime/7.32.2"
::1 - - [12/Jun/2023:20:23:02 +0000] "GET /trade/activeByUser/2 HTTP/1.1" 200 1455 "-" "PostmanRuntime/7.32.2"
::1 - - [12/Jun/2023:20:23:12 +0000] "GET /trade/activeByUser/2 HTTP/1.1" 200 523 "-" "PostmanRuntime/7.32.2"
