::1 - - [13/Jun/2023:05:18:53 +0000] "GET /trade/active HTTP/1.1" 200 10 "-" "PostmanRuntime/7.32.2"
::1 - - [13/Jun/2023:05:19:40 +0000] "GET /trade/active HTTP/1.1" 200 10 "-" "PostmanRuntime/7.32.2"
::1 - - [13/Jun/2023:05:19:41 +0000] "GET /trade/active HTTP/1.1" 200 10 "-" "PostmanRuntime/7.32.2"
::1 - - [13/Jun/2023:05:19:42 +0000] "GET /trade/active HTTP/1.1" 200 10 "-" "PostmanRuntime/7.32.2"
::1 - - [13/Jun/2023:05:20:12 +0000] "GET /trade/active HTTP/1.1" 200 512 "-" "PostmanRuntime/7.32.2"
::1 - - [13/Jun/2023:05:20:21 +0000] "GET /trade/active HTTP/1.1" 200 512 "-" "PostmanRuntime/7.32.2"
::1 - - [13/Jun/2023:05:20:23 +0000] "GET /trade/active HTTP/1.1" 200 512 "-" "PostmanRuntime/7.32.2"
::1 - - [13/Jun/2023:05:20:23 +0000] "GET /trade/active HTTP/1.1" 200 512 "-" "PostmanRuntime/7.32.2"
::1 - - [13/Jun/2023:05:21:25 +0000] "GET /trade/active HTTP/1.1" 200 512 "-" "PostmanRuntime/7.32.2"
::1 - - [13/Jun/2023:05:21:41 +0000] "GET /trade/active HTTP/1.1" 200 512 "-" "PostmanRuntime/7.32.2"
::1 - - [13/Jun/2023:05:21:42 +0000] "GET /trade/active HTTP/1.1" 200 512 "-" "PostmanRuntime/7.32.2"
::1 - - [13/Jun/2023:05:21:43 +0000] "GET /trade/active HTTP/1.1" 200 512 "-" "PostmanRuntime/7.32.2"
::1 - - [13/Jun/2023:05:21:43 +0000] "GET /trade/active HTTP/1.1" 200 512 "-" "PostmanRuntime/7.32.2"
::1 - - [13/Jun/2023:05:21:44 +0000] "GET /trade/active HTTP/1.1" 200 512 "-" "PostmanRuntime/7.32.2"
::1 - - [13/Jun/2023:05:24:15 +0000] "GET /trade/active HTTP/1.1" 200 327 "-" "PostmanRuntime/7.32.2"
::1 - - [13/Jun/2023:05:24:16 +0000] "GET /trade/active HTTP/1.1" 200 327 "-" "PostmanRuntime/7.32.2"
::1 - - [13/Jun/2023:05:24:54 +0000] "GET /trade/active HTTP/1.1" 200 512 "-" "PostmanRuntime/7.32.2"
::1 - - [13/Jun/2023:05:24:57 +0000] "GET /trade/active HTTP/1.1" 200 512 "-" "PostmanRuntime/7.32.2"
::1 - - [13/Jun/2023:05:24:59 +0000] "GET /trade/active HTTP/1.1" 200 512 "-" "PostmanRuntime/7.32.2"
::1 - - [13/Jun/2023:05:27:40 +0000] "GET /trade/active HTTP/1.1" 200 512 "-" "PostmanRuntime/7.32.2"
::1 - - [13/Jun/2023:05:27:41 +0000] "GET /trade/active HTTP/1.1" 200 512 "-" "PostmanRuntime/7.32.2"
::1 - - [13/Jun/2023:05:33:37 +0000] "GET /trade/active HTTP/1.1" 200 10 "-" "PostmanRuntime/7.32.2"
::1 - - [13/Jun/2023:05:34:11 +0000] "GET /trade/active HTTP/1.1" 200 10 "-" "PostmanRuntime/7.32.2"
::1 - - [13/Jun/2023:05:34:13 +0000] "GET /trade/active HTTP/1.1" 200 10 "-" "PostmanRuntime/7.32.2"
::1 - - [13/Jun/2023:05:34:48 +0000] "GET /trade/active HTTP/1.1" 200 10 "-" "PostmanRuntime/7.32.2"
::1 - - [13/Jun/2023:05:34:48 +0000] "GET /trade/active HTTP/1.1" 200 10 "-" "PostmanRuntime/7.32.2"
::1 - - [13/Jun/2023:05:34:50 +0000] "GET /trade/active HTTP/1.1" 200 10 "-" "PostmanRuntime/7.32.2"
::1 - - [13/Jun/2023:05:34:51 +0000] "GET /trade/active HTTP/1.1" 200 10 "-" "PostmanRuntime/7.32.2"
::1 - - [13/Jun/2023:05:35:23 +0000] "GET /trade/active HTTP/1.1" 200 10 "-" "PostmanRuntime/7.32.2"
::1 - - [13/Jun/2023:05:35:24 +0000] "GET /trade/active HTTP/1.1" 200 10 "-" "PostmanRuntime/7.32.2"
::1 - - [13/Jun/2023:05:36:02 +0000] "GET /trade/active HTTP/1.1" 200 10 "-" "PostmanRuntime/7.32.2"
::1 - - [13/Jun/2023:05:36:04 +0000] "GET /trade/active HTTP/1.1" 200 10 "-" "PostmanRuntime/7.32.2"
::1 - - [13/Jun/2023:05:36:33 +0000] "GET /trade/active HTTP/1.1" 200 10 "-" "PostmanRuntime/7.32.2"
::1 - - [13/Jun/2023:05:36:34 +0000] "GET /trade/active HTTP/1.1" 200 10 "-" "PostmanRuntime/7.32.2"
::1 - - [13/Jun/2023:05:36:35 +0000] "GET /trade/active HTTP/1.1" 200 10 "-" "PostmanRuntime/7.32.2"
::1 - - [13/Jun/2023:05:37:01 +0000] "GET /trade/active HTTP/1.1" 200 10 "-" "PostmanRuntime/7.32.2"
::1 - - [13/Jun/2023:05:37:01 +0000] "GET /trade/active HTTP/1.1" 200 10 "-" "PostmanRuntime/7.32.2"
::1 - - [13/Jun/2023:05:37:02 +0000] "GET /trade/active HTTP/1.1" 200 10 "-" "PostmanRuntime/7.32.2"
::1 - - [13/Jun/2023:05:37:16 +0000] "GET /trade/active HTTP/1.1" 200 512 "-" "PostmanRuntime/7.32.2"
::1 - - [13/Jun/2023:05:37:25 +0000] "GET /trade/active HTTP/1.1" 200 512 "-" "PostmanRuntime/7.32.2"
::1 - - [13/Jun/2023:05:45:05 +0000] "GET /trade/active HTTP/1.1" 200 512 "-" "PostmanRuntime/7.32.2"
::1 - - [13/Jun/2023:05:48:50 +0000] "GET /trade/active HTTP/1.1" 200 512 "-" "PostmanRuntime/7.32.2"
::1 - - [13/Jun/2023:05:49:43 +0000] "GET /trade/active HTTP/1.1" 200 512 "-" "PostmanRuntime/7.32.2"
::1 - - [13/Jun/2023:05:55:15 +0000] "GET /trade/active HTTP/1.1" 200 512 "-" "PostmanRuntime/7.32.2"
::1 - - [13/Jun/2023:05:55:34 +0000] "GET /trade/active HTTP/1.1" 200 512 "-" "PostmanRuntime/7.32.2"
::1 - - [13/Jun/2023:05:55:55 +0000] "GET /trade/active HTTP/1.1" 200 512 "-" "PostmanRuntime/7.32.2"
::1 - - [13/Jun/2023:06:01:30 +0000] "GET /trade/active HTTP/1.1" 200 10 "-" "PostmanRuntime/7.32.2"
::1 - - [13/Jun/2023:06:01:31 +0000] "GET /trade/active HTTP/1.1" 200 10 "-" "PostmanRuntime/7.32.2"
::1 - - [13/Jun/2023:06:02:26 +0000] "GET /trade/active HTTP/1.1" 200 512 "-" "PostmanRuntime/7.32.2"
::1 - - [13/Jun/2023:06:02:46 +0000] "GET /trade/active HTTP/1.1" 200 512 "-" "PostmanRuntime/7.32.2"
::1 - - [13/Jun/2023:06:03:35 +0000] "GET /trade/active HTTP/1.1" 200 512 "-" "PostmanRuntime/7.32.2"
::1 - - [13/Jun/2023:06:03:55 +0000] "GET /trade/active HTTP/1.1" 200 512 "-" "PostmanRuntime/7.32.2"
::1 - - [13/Jun/2023:06:05:41 +0000] "GET /trade/active HTTP/1.1" 200 512 "-" "PostmanRuntime/7.32.2"
::1 - - [13/Jun/2023:06:05:42 +0000] "GET /trade/active HTTP/1.1" 200 512 "-" "PostmanRuntime/7.32.2"
::1 - - [13/Jun/2023:06:05:42 +0000] "GET /trade/active HTTP/1.1" 200 512 "-" "PostmanRuntime/7.32.2"
::1 - - [13/Jun/2023:06:05:43 +0000] "GET /trade/active HTTP/1.1" 200 512 "-" "PostmanRuntime/7.32.2"
::1 - - [13/Jun/2023:06:06:00 +0000] "GET /trade/active HTTP/1.1" 200 513 "-" "PostmanRuntime/7.32.2"
::1 - - [13/Jun/2023:06:06:02 +0000] "GET /trade/active HTTP/1.1" 200 513 "-" "PostmanRuntime/7.32.2"
::1 - - [13/Jun/2023:06:08:06 +0000] "GET /trade/active HTTP/1.1" 200 79 "-" "PostmanRuntime/7.32.2"
::1 - - [13/Jun/2023:06:30:34 +0000] "GET /trade/active HTTP/1.1" 200 10 "-" "PostmanRuntime/7.32.2"
::1 - - [13/Jun/2023:06:30:35 +0000] "GET /trade/active HTTP/1.1" 200 10 "-" "PostmanRuntime/7.32.2"
::1 - - [13/Jun/2023:06:30:36 +0000] "GET /trade/active HTTP/1.1" 200 10 "-" "PostmanRuntime/7.32.2"
::1 - - [13/Jun/2023:06:30:41 +0000] "GET /trade/active HTTP/1.1" 200 10 "-" "PostmanRuntime/7.32.2"
::1 - - [13/Jun/2023:06:30:43 +0000] "GET /trade/active HTTP/1.1" 200 10 "-" "PostmanRuntime/7.32.2"
::1 - - [13/Jun/2023:06:31:09 +0000] "GET /trade/active HTTP/1.1" 200 10 "-" "PostmanRuntime/7.32.2"
::1 - - [13/Jun/2023:06:31:10 +0000] "GET /trade/active HTTP/1.1" 200 10 "-" "PostmanRuntime/7.32.2"
::1 - - [13/Jun/2023:06:31:11 +0000] "GET /trade/active HTTP/1.1" 200 10 "-" "PostmanRuntime/7.32.2"
::1 - - [13/Jun/2023:06:31:12 +0000] "GET /trade/active HTTP/1.1" 200 10 "-" "PostmanRuntime/7.32.2"
::1 - - [13/Jun/2023:06:31:13 +0000] "GET /trade/active HTTP/1.1" 200 10 "-" "PostmanRuntime/7.32.2"
::1 - - [13/Jun/2023:06:31:26 +0000] "GET /trade/active HTTP/1.1" 200 10 "-" "PostmanRuntime/7.32.2"
::1 - - [13/Jun/2023:06:31:55 +0000] "GET /trade/active HTTP/1.1" 200 10 "-" "PostmanRuntime/7.32.2"
::1 - - [13/Jun/2023:06:31:56 +0000] "GET /trade/active HTTP/1.1" 200 10 "-" "PostmanRuntime/7.32.2"
::1 - - [13/Jun/2023:06:31:56 +0000] "GET /trade/active HTTP/1.1" 200 10 "-" "PostmanRuntime/7.32.2"
::1 - - [13/Jun/2023:06:32:52 +0000] "GET /trade/active HTTP/1.1" 200 79 "-" "PostmanRuntime/7.32.2"
::1 - - [13/Jun/2023:06:33:33 +0000] "GET /trade/active HTTP/1.1" 200 79 "-" "PostmanRuntime/7.32.2"
::1 - - [13/Jun/2023:06:33:34 +0000] "GET /trade/active HTTP/1.1" 200 79 "-" "PostmanRuntime/7.32.2"
::1 - - [13/Jun/2023:06:33:35 +0000] "GET /trade/active HTTP/1.1" 200 79 "-" "PostmanRuntime/7.32.2"
::1 - - [13/Jun/2023:06:36:13 +0000] "GET /trade/activeByUser/2 HTTP/1.1" 200 10 "-" "PostmanRuntime/7.32.2"
::1 - - [13/Jun/2023:06:36:50 +0000] "GET /trade/activeByUser/2 HTTP/1.1" 200 758 "-" "PostmanRuntime/7.32.2"
::1 - - [13/Jun/2023:06:38:51 +0000] "GET /trade/activeByUser/2 HTTP/1.1" 200 53 "-" "PostmanRuntime/7.32.2"
::1 - - [13/Jun/2023:06:39:04 +0000] "GET /trade/activeByUser/1 HTTP/1.1" 200 27 "-" "PostmanRuntime/7.32.2"
::1 - - [13/Jun/2023:06:39:09 +0000] "GET /trade/activeByUser/2 HTTP/1.1" 200 53 "-" "PostmanRuntime/7.32.2"
::1 - - [13/Jun/2023:06:51:04 +0000] "GET /trade/activeByUser/2 HTTP/1.1" 200 53 "-" "PostmanRuntime/7.32.2"
::1 - - [13/Jun/2023:06:51:05 +0000] "GET /trade/activeByUser/2 HTTP/1.1" 200 53 "-" "PostmanRuntime/7.32.2"
::1 - - [13/Jun/2023:06:51:07 +0000] "GET /trade/activeByUser/2 HTTP/1.1" 200 53 "-" "PostmanRuntime/7.32.2"
::1 - - [13/Jun/2023:06:51:09 +0000] "GET /trade/activeByUser/2 HTTP/1.1" 200 53 "-" "PostmanRuntime/7.32.2"
::1 - - [13/Jun/2023:06:54:26 +0000] "GET /trade/activeByUser/2 HTTP/1.1" 200 53 "-" "PostmanRuntime/7.32.2"
::1 - - [13/Jun/2023:06:59:21 +0000] "GET /trade/activeByUser/2 HTTP/1.1" 200 53 "-" "PostmanRuntime/7.32.2"
::1 - - [13/Jun/2023:07:00:46 +0000] "GET /trade/activeByUser/2 HTTP/1.1" 200 53 "-" "PostmanRuntime/7.32.2"
::1 - - [13/Jun/2023:07:01:38 +0000] "GET /trade/activeByUser/2 HTTP/1.1" 200 53 "-" "PostmanRuntime/7.32.2"
::1 - - [13/Jun/2023:07:01:39 +0000] "GET /trade/activeByUser/2 HTTP/1.1" 200 53 "-" "PostmanRuntime/7.32.2"
::1 - - [13/Jun/2023:07:02:09 +0000] "GET /trade/activeByUser/2 HTTP/1.1" 200 53 "-" "PostmanRuntime/7.32.2"
::1 - - [13/Jun/2023:07:03:38 +0000] "GET /trade/activeByUser/2 HTTP/1.1" 200 53 "-" "PostmanRuntime/7.32.2"
::1 - - [13/Jun/2023:07:04:20 +0000] "GET /trade/activeByUser/2 HTTP/1.1" 200 53 "-" "PostmanRuntime/7.32.2"
::1 - - [13/Jun/2023:07:04:52 +0000] "GET /trade/activeByUser/2 HTTP/1.1" 200 53 "-" "PostmanRuntime/7.32.2"
::1 - - [13/Jun/2023:07:14:22 +0000] "GET /trade/activeByUser/2 HTTP/1.1" 200 10 "-" "PostmanRuntime/7.32.2"
::1 - - [13/Jun/2023:07:16:01 +0000] "GET /trade/activeByUser/2 HTTP/1.1" 200 518 "-" "PostmanRuntime/7.32.2"
::1 - - [13/Jun/2023:07:19:55 +0000] "GET /trade/activeByUser/2 HTTP/1.1" 200 509 "-" "PostmanRuntime/7.32.2"
::1 - - [13/Jun/2023:07:21:34 +0000] "GET /trade/activeByUser/2 HTTP/1.1" 200 487 "-" "PostmanRuntime/7.32.2"
::1 - - [13/Jun/2023:07:23:23 +0000] "GET /trade/activeByUser/2 HTTP/1.1" 200 491 "-" "PostmanRuntime/7.32.2"
::1 - - [13/Jun/2023:07:25:20 +0000] "GET /trade/activeByUser/2 HTTP/1.1" 200 10 "-" "PostmanRuntime/7.32.2"
::1 - - [13/Jun/2023:07:25:22 +0000] "GET /trade/activeByUser/2 HTTP/1.1" 200 10 "-" "PostmanRuntime/7.32.2"
::1 - - [13/Jun/2023:07:25:22 +0000] "GET /trade/activeByUser/2 HTTP/1.1" 200 10 "-" "PostmanRuntime/7.32.2"
::1 - - [13/Jun/2023:07:26:11 +0000] "GET /trade/activeByUser/2 HTTP/1.1" 200 10 "-" "PostmanRuntime/7.32.2"
::1 - - [13/Jun/2023:07:26:12 +0000] "GET /trade/activeByUser/2 HTTP/1.1" 200 10 "-" "PostmanRuntime/7.32.2"
::1 - - [13/Jun/2023:07:26:13 +0000] "GET /trade/activeByUser/2 HTTP/1.1" 200 10 "-" "PostmanRuntime/7.32.2"
::1 - - [13/Jun/2023:07:26:32 +0000] "GET /trade/activeByUser/2 HTTP/1.1" 200 491 "-" "PostmanRuntime/7.32.2"
::1 - - [13/Jun/2023:07:26:33 +0000] "GET /trade/activeByUser/2 HTTP/1.1" 200 491 "-" "PostmanRuntime/7.32.2"
::1 - - [13/Jun/2023:07:26:34 +0000] "GET /trade/activeByUser/2 HTTP/1.1" 200 491 "-" "PostmanRuntime/7.32.2"
::1 - - [13/Jun/2023:07:26:34 +0000] "GET /trade/activeByUser/2 HTTP/1.1" 200 491 "-" "PostmanRuntime/7.32.2"
::1 - - [13/Jun/2023:07:27:34 +0000] "GET /trade/activeByUser/2 HTTP/1.1" 200 491 "-" "PostmanRuntime/7.32.2"
::1 - - [13/Jun/2023:07:29:04 +0000] "GET /trade/activeByUser/2 HTTP/1.1" 200 491 "-" "PostmanRuntime/7.32.2"
::1 - - [13/Jun/2023:07:29:44 +0000] "GET /trade/activeByUser/2 HTTP/1.1" 200 491 "-" "PostmanRuntime/7.32.2"
::1 - - [13/Jun/2023:07:29:45 +0000] "GET /trade/activeByUser/2 HTTP/1.1" 200 491 "-" "PostmanRuntime/7.32.2"
::1 - - [13/Jun/2023:07:30:00 +0000] "GET /trade/activeByUser/2 HTTP/1.1" 200 491 "-" "PostmanRuntime/7.32.2"
::1 - - [13/Jun/2023:07:30:05 +0000] "GET /trade/activeByUser/2 HTTP/1.1" 200 491 "-" "PostmanRuntime/7.32.2"
::1 - - [13/Jun/2023:07:31:05 +0000] "GET /trade/activeByUser/2 HTTP/1.1" 200 491 "-" "PostmanRuntime/7.32.2"
::1 - - [13/Jun/2023:07:32:46 +0000] "GET /trade/activeByUser/2 HTTP/1.1" 200 463 "-" "PostmanRuntime/7.32.2"
::1 - - [13/Jun/2023:07:33:14 +0000] "GET /trade/activeByUser/2 HTTP/1.1" 200 463 "-" "PostmanRuntime/7.32.2"
::1 - - [13/Jun/2023:08:07:07 +0000] "GET /06/2023 HTTP/1.1" 200 17 "-" "PostmanRuntime/7.32.2"
::1 - - [13/Jun/2023:08:07:30 +0000] "GET /test/FR0000045072%20&p HTTP/1.1" 404 25 "-" "PostmanRuntime/7.32.2"
::1 - - [13/Jun/2023:08:07:31 +0000] "GET /test/FR0000045072%20&p HTTP/1.1" 404 25 "-" "PostmanRuntime/7.32.2"
::1 - - [13/Jun/2023:08:21:04 +0000] "POST /trade/entry HTTP/1.1" 200 10 "-" "PostmanRuntime/7.32.2"
::1 - - [13/Jun/2023:08:21:23 +0000] "POST /trade/entry HTTP/1.1" 200 8 "-" "PostmanRuntime/7.32.2"
::1 - - [13/Jun/2023:08:21:24 +0000] "POST /trade/entry HTTP/1.1" 200 8 "-" "PostmanRuntime/7.32.2"
::1 - - [13/Jun/2023:08:25:05 +0000] "POST /trade/entry HTTP/1.1" 200 8 "-" "PostmanRuntime/7.32.2"
::1 - - [13/Jun/2023:08:25:34 +0000] "POST /trade/entry HTTP/1.1" 200 8 "-" "PostmanRuntime/7.32.2"
::1 - - [13/Jun/2023:08:25:35 +0000] "POST /trade/entry HTTP/1.1" 200 8 "-" "PostmanRuntime/7.32.2"
::1 - - [13/Jun/2023:08:25:58 +0000] "POST /trade/entry HTTP/1.1" 200 8 "-" "PostmanRuntime/7.32.2"
::1 - - [13/Jun/2023:08:25:59 +0000] "POST /trade/entry HTTP/1.1" 200 8 "-" "PostmanRuntime/7.32.2"
::1 - - [13/Jun/2023:08:26:24 +0000] "POST /trade/entry HTTP/1.1" 200 8 "-" "PostmanRuntime/7.32.2"
::1 - - [13/Jun/2023:08:26:44 +0000] "POST /trade/entry HTTP/1.1" 200 8 "-" "PostmanRuntime/7.32.2"
::1 - - [13/Jun/2023:08:26:46 +0000] "POST /trade/entry HTTP/1.1" 200 8 "-" "PostmanRuntime/7.32.2"
::1 - - [13/Jun/2023:08:26:47 +0000] "POST /trade/entry HTTP/1.1" 200 8 "-" "PostmanRuntime/7.32.2"
::1 - - [13/Jun/2023:08:28:04 +0000] "POST /trade/entry HTTP/1.1" 200 8 "-" "PostmanRuntime/7.32.2"
::1 - - [13/Jun/2023:08:28:15 +0000] "POST /trade/entry HTTP/1.1" 200 8 "-" "PostmanRuntime/7.32.2"
::1 - - [13/Jun/2023:08:28:18 +0000] "POST /trade/entry HTTP/1.1" 200 8 "-" "PostmanRuntime/7.32.2"
::1 - - [13/Jun/2023:08:30:30 +0000] "POST /trade/newEntry HTTP/1.1" 200 8 "-" "PostmanRuntime/7.32.2"
::1 - - [13/Jun/2023:08:30:41 +0000] "POST /trade/newEntry HTTP/1.1" 200 8 "-" "PostmanRuntime/7.32.2"
::1 - - [13/Jun/2023:08:30:44 +0000] "POST /trade/newEntry HTTP/1.1" 200 8 "-" "PostmanRuntime/7.32.2"
::1 - - [13/Jun/2023:08:30:46 +0000] "POST /trade/newEntry HTTP/1.1" 200 8 "-" "PostmanRuntime/7.32.2"
::1 - - [13/Jun/2023:08:30:46 +0000] "POST /trade/newEntry HTTP/1.1" 200 8 "-" "PostmanRuntime/7.32.2"
::1 - - [13/Jun/2023:08:30:58 +0000] "POST /trade/newEntry HTTP/1.1" 200 8 "-" "PostmanRuntime/7.32.2"
::1 - - [13/Jun/2023:08:31:33 +0000] "POST /trade/newEntry HTTP/1.1" 200 8 "-" "PostmanRuntime/7.32.2"
::1 - - [13/Jun/2023:08:39:17 +0000] "POST /trade/newEntry HTTP/1.1" 200 10 "-" "PostmanRuntime/7.32.2"
::1 - - [13/Jun/2023:08:39:58 +0000] "POST /trade/newEntry HTTP/1.1" 200 8 "-" "PostmanRuntime/7.32.2"
::1 - - [13/Jun/2023:14:35:13 +0000] "POST /trade/newEntry HTTP/1.1" 200 425 "-" "PostmanRuntime/7.32.2"
::1 - - [13/Jun/2023:14:37:24 +0000] "POST /trade/newEntry HTTP/1.1" 200 610 "-" "PostmanRuntime/7.32.2"
::1 - - [13/Jun/2023:14:39:07 +0000] "POST /trade/newEntry HTTP/1.1" 200 673 "-" "PostmanRuntime/7.32.2"
::1 - - [13/Jun/2023:14:45:14 +0000] "POST /trade/newEntry HTTP/1.1" 200 596 "-" "PostmanRuntime/7.32.2"
::1 - - [13/Jun/2023:14:46:44 +0000] "POST /trade/newEntry HTTP/1.1" 200 610 "-" "PostmanRuntime/7.32.2"
::1 - - [13/Jun/2023:14:53:31 +0000] "POST /trade/newEntry HTTP/1.1" 200 10 "-" "PostmanRuntime/7.32.2"
::1 - - [13/Jun/2023:14:53:32 +0000] "POST /trade/newEntry HTTP/1.1" 200 10 "-" "PostmanRuntime/7.32.2"
::1 - - [13/Jun/2023:14:53:33 +0000] "POST /trade/newEntry HTTP/1.1" 200 10 "-" "PostmanRuntime/7.32.2"
::1 - - [13/Jun/2023:14:53:44 +0000] "POST /trade/newEntry HTTP/1.1" 200 10 "-" "PostmanRuntime/7.32.2"
::1 - - [13/Jun/2023:14:54:27 +0000] "POST /trade/newEntry HTTP/1.1" 200 610 "-" "PostmanRuntime/7.32.2"
::1 - - [13/Jun/2023:14:55:07 +0000] "POST /trade/newEntry HTTP/1.1" 200 610 "-" "PostmanRuntime/7.32.2"
::1 - - [13/Jun/2023:14:55:20 +0000] "POST /trade/newEntry HTTP/1.1" 200 610 "-" "PostmanRuntime/7.32.2"
::1 - - [13/Jun/2023:14:59:14 +0000] "POST /trade/newEntry HTTP/1.1" 200 425 "-" "PostmanRuntime/7.32.2"
::1 - - [13/Jun/2023:15:09:16 +0000] "POST /trade/newEntry HTTP/1.1" 200 8 "-" "PostmanRuntime/7.32.2"
::1 - - [13/Jun/2023:15:12:39 +0000] "POST /trade/newEntry HTTP/1.1" 200 8 "-" "PostmanRuntime/7.32.2"
::1 - - [13/Jun/2023:15:13:32 +0000] "POST /trade/newEntry HTTP/1.1" 200 8 "-" "PostmanRuntime/7.32.2"
::1 - - [13/Jun/2023:15:25:17 +0000] "POST /trade/newEntry HTTP/1.1" 200 10 "-" "PostmanRuntime/7.32.2"
::1 - - [13/Jun/2023:15:26:15 +0000] "POST /trade/newEntry HTTP/1.1" 200 10 "-" "PostmanRuntime/7.32.2"
::1 - - [13/Jun/2023:15:29:06 +0000] "POST /trade/newEntry HTTP/1.1" 200 10 "-" "PostmanRuntime/7.32.2"
::1 - - [13/Jun/2023:15:29:08 +0000] "POST /trade/newEntry HTTP/1.1" 200 10 "-" "PostmanRuntime/7.32.2"
::1 - - [13/Jun/2023:15:32:04 +0000] "POST /trade/newEntry HTTP/1.1" 200 10 "-" "PostmanRuntime/7.32.2"
::1 - - [13/Jun/2023:15:33:19 +0000] "POST /trade/newEntry HTTP/1.1" 200 10 "-" "PostmanRuntime/7.32.2"
::1 - - [13/Jun/2023:15:35:19 +0000] "POST /trade/newEntry HTTP/1.1" 200 10 "-" "PostmanRuntime/7.32.2"
::1 - - [13/Jun/2023:15:35:20 +0000] "POST /trade/newEntry HTTP/1.1" 200 10 "-" "PostmanRuntime/7.32.2"
::1 - - [13/Jun/2023:15:35:21 +0000] "POST /trade/newEntry HTTP/1.1" 200 10 "-" "PostmanRuntime/7.32.2"
::1 - - [13/Jun/2023:15:35:22 +0000] "POST /trade/newEntry HTTP/1.1" 200 10 "-" "PostmanRuntime/7.32.2"
::1 - - [13/Jun/2023:15:35:45 +0000] "POST /trade/newEntry HTTP/1.1" 200 10 "-" "PostmanRuntime/7.32.2"
::1 - - [13/Jun/2023:15:35:46 +0000] "POST /trade/newEntry HTTP/1.1" 200 10 "-" "PostmanRuntime/7.32.2"
::1 - - [13/Jun/2023:15:35:46 +0000] "POST /trade/newEntry HTTP/1.1" 200 10 "-" "PostmanRuntime/7.32.2"
::1 - - [13/Jun/2023:15:35:47 +0000] "POST /trade/newEntry HTTP/1.1" 200 10 "-" "PostmanRuntime/7.32.2"
::1 - - [13/Jun/2023:15:35:48 +0000] "POST /trade/newEntry HTTP/1.1" 200 10 "-" "PostmanRuntime/7.32.2"
::1 - - [13/Jun/2023:15:36:08 +0000] "POST /trade/newEntry HTTP/1.1" 200 10 "-" "PostmanRuntime/7.32.2"
::1 - - [13/Jun/2023:15:37:43 +0000] "POST /trade/newEntry HTTP/1.1" 200 8 "-" "PostmanRuntime/7.32.2"
::1 - - [13/Jun/2023:15:40:47 +0000] "POST /trade/newEntry HTTP/1.1" 200 8 "-" "PostmanRuntime/7.32.2"
