::1 - - [22/Aug/2023:06:41:12 +0000] "POST /api.tradingtool.com/v1/portfolios/new HTTP/1.1" 200 10 "-" "PostmanRuntime/7.32.3"
::1 - - [22/Aug/2023:06:41:27 +0000] "POST /api.tradingtool.com/v1/portfolios/new HTTP/1.1" 200 10 "-" "PostmanRuntime/7.32.3"
::1 - - [22/Aug/2023:06:41:28 +0000] "POST /api.tradingtool.com/v1/portfolios/new HTTP/1.1" 200 10 "-" "PostmanRuntime/7.32.3"
::1 - - [22/Aug/2023:06:41:54 +0000] "POST /api.tradingtool.com/v1/portfolios/new HTTP/1.1" - - "-" "PostmanRuntime/7.32.3"
::1 - - [22/Aug/2023:06:43:46 +0000] "POST /api.tradingtool.com/v1/portfolios/new HTTP/1.1" 200 10 "-" "PostmanRuntime/7.32.3"
::1 - - [22/Aug/2023:06:43:48 +0000] "POST /api.tradingtool.com/v1/portfolios/new HTTP/1.1" 200 10 "-" "PostmanRuntime/7.32.3"
::1 - - [22/Aug/2023:06:43:59 +0000] "POST /api.tradingtool.com/v1/portfolios/new HTTP/1.1" 200 10 "-" "PostmanRuntime/7.32.3"
::1 - - [22/Aug/2023:06:44:00 +0000] "POST /api.tradingtool.com/v1/portfolios/new HTTP/1.1" 200 10 "-" "PostmanRuntime/7.32.3"
::1 - - [22/Aug/2023:06:46:06 +0000] "POST /api.tradingtool.com/v1/portfolios/new HTTP/1.1" 200 10 "-" "PostmanRuntime/7.32.3"
::1 - - [22/Aug/2023:06:46:07 +0000] "POST /api.tradingtool.com/v1/portfolios/new HTTP/1.1" 200 10 "-" "PostmanRuntime/7.32.3"
::1 - - [22/Aug/2023:06:46:08 +0000] "POST /api.tradingtool.com/v1/portfolios/new HTTP/1.1" 200 10 "-" "PostmanRuntime/7.32.3"
::1 - - [22/Aug/2023:06:47:03 +0000] "POST /api.tradingtool.com/v1/portfolios/new HTTP/1.1" 200 10 "-" "PostmanRuntime/7.32.3"
::1 - - [22/Aug/2023:06:47:03 +0000] "POST /api.tradingtool.com/v1/portfolios/new HTTP/1.1" 200 10 "-" "PostmanRuntime/7.32.3"
::1 - - [22/Aug/2023:06:47:33 +0000] "POST /api.tradingtool.com/v1/portfolios/new HTTP/1.1" 200 10 "-" "PostmanRuntime/7.32.3"
::1 - - [22/Aug/2023:06:48:22 +0000] "POST /api.tradingtool.com/v1/portfolios/new HTTP/1.1" 200 10 "-" "PostmanRuntime/7.32.3"
::1 - - [22/Aug/2023:06:48:23 +0000] "POST /api.tradingtool.com/v1/portfolios/new HTTP/1.1" 200 10 "-" "PostmanRuntime/7.32.3"
::1 - - [22/Aug/2023:06:48:58 +0000] "POST /api.tradingtool.com/v1/portfolios/new HTTP/1.1" 200 10 "-" "PostmanRuntime/7.32.3"
::1 - - [22/Aug/2023:06:48:59 +0000] "POST /api.tradingtool.com/v1/portfolios/new HTTP/1.1" 200 10 "-" "PostmanRuntime/7.32.3"
::1 - - [22/Aug/2023:06:49:00 +0000] "POST /api.tradingtool.com/v1/portfolios/new HTTP/1.1" 200 10 "-" "PostmanRuntime/7.32.3"
::1 - - [22/Aug/2023:06:49:01 +0000] "POST /api.tradingtool.com/v1/portfolios/new HTTP/1.1" 200 10 "-" "PostmanRuntime/7.32.3"
::1 - - [22/Aug/2023:06:49:02 +0000] "POST /api.tradingtool.com/v1/portfolios/new HTTP/1.1" 200 10 "-" "PostmanRuntime/7.32.3"
::1 - - [22/Aug/2023:06:49:03 +0000] "POST /api.tradingtool.com/v1/portfolios/new HTTP/1.1" 200 10 "-" "PostmanRuntime/7.32.3"
::1 - - [22/Aug/2023:06:49:49 +0000] "POST /api.tradingtool.com/v1/portfolios/new HTTP/1.1" 200 10 "-" "PostmanRuntime/7.32.3"
::1 - - [22/Aug/2023:06:49:50 +0000] "POST /api.tradingtool.com/v1/portfolios/new HTTP/1.1" 200 10 "-" "PostmanRuntime/7.32.3"
::1 - - [22/Aug/2023:06:49:50 +0000] "POST /api.tradingtool.com/v1/portfolios/new HTTP/1.1" 200 10 "-" "PostmanRuntime/7.32.3"
::1 - - [22/Aug/2023:06:49:51 +0000] "POST /api.tradingtool.com/v1/portfolios/new HTTP/1.1" 200 10 "-" "PostmanRuntime/7.32.3"
::1 - - [22/Aug/2023:06:54:15 +0000] "POST /api.tradingtool.com/v1/portfolios/new HTTP/1.1" - - "-" "PostmanRuntime/7.32.3"
::1 - - [22/Aug/2023:06:54:58 +0000] "POST /api.tradingtool.com/v1/portfolios/new HTTP/1.1" - - "-" "PostmanRuntime/7.32.3"
::1 - - [22/Aug/2023:06:55:12 +0000] "POST /api.tradingtool.com/v1/portfolios/new HTTP/1.1" - - "-" "PostmanRuntime/7.32.3"
::1 - - [22/Aug/2023:07:01:03 +0000] "POST /api.tradingtool.com/v1/portfolios/new HTTP/1.1" 200 10 "-" "PostmanRuntime/7.32.3"
::1 - - [22/Aug/2023:07:01:04 +0000] "POST /api.tradingtool.com/v1/portfolios/new HTTP/1.1" 200 10 "-" "PostmanRuntime/7.32.3"
::1 - - [22/Aug/2023:07:01:05 +0000] "POST /api.tradingtool.com/v1/portfolios/new HTTP/1.1" 200 10 "-" "PostmanRuntime/7.32.3"
::1 - - [22/Aug/2023:07:04:48 +0000] "POST /api.tradingtool.com/v1/portfolios/new HTTP/1.1" - - "-" "PostmanRuntime/7.32.3"
::1 - - [22/Aug/2023:07:04:49 +0000] "POST /api.tradingtool.com/v1/portfolios/new HTTP/1.1" 200 10 "-" "PostmanRuntime/7.32.3"
::1 - - [22/Aug/2023:07:04:50 +0000] "POST /api.tradingtool.com/v1/portfolios/new HTTP/1.1" 200 10 "-" "PostmanRuntime/7.32.3"
::1 - - [22/Aug/2023:07:04:51 +0000] "POST /api.tradingtool.com/v1/portfolios/new HTTP/1.1" 200 10 "-" "PostmanRuntime/7.32.3"
::1 - - [22/Aug/2023:07:05:13 +0000] "POST /api.tradingtool.com/v1/portfolios/new HTTP/1.1" 200 10 "-" "PostmanRuntime/7.32.3"
::1 - - [22/Aug/2023:07:05:13 +0000] "POST /api.tradingtool.com/v1/portfolios/new HTTP/1.1" 200 10 "-" "PostmanRuntime/7.32.3"
::1 - - [22/Aug/2023:07:05:14 +0000] "POST /api.tradingtool.com/v1/portfolios/new HTTP/1.1" 200 10 "-" "PostmanRuntime/7.32.3"
::1 - - [22/Aug/2023:07:05:15 +0000] "POST /api.tradingtool.com/v1/portfolios/new HTTP/1.1" 200 10 "-" "PostmanRuntime/7.32.3"
::1 - - [22/Aug/2023:07:06:03 +0000] "POST /api.tradingtool.com/v1/portfolios/new HTTP/1.1" 200 10 "-" "PostmanRuntime/7.32.3"
::1 - - [22/Aug/2023:07:06:04 +0000] "POST /api.tradingtool.com/v1/portfolios/new HTTP/1.1" 200 10 "-" "PostmanRuntime/7.32.3"
::1 - - [22/Aug/2023:07:06:04 +0000] "POST /api.tradingtool.com/v1/portfolios/new HTTP/1.1" 200 10 "-" "PostmanRuntime/7.32.3"
::1 - - [22/Aug/2023:07:06:05 +0000] "POST /api.tradingtool.com/v1/portfolios/new HTTP/1.1" 200 10 "-" "PostmanRuntime/7.32.3"
::1 - - [22/Aug/2023:07:06:30 +0000] "POST /api.tradingtool.com/v1/portfolios/new HTTP/1.1" - - "-" "PostmanRuntime/7.32.3"
::1 - - [22/Aug/2023:07:07:10 +0000] "POST /api.tradingtool.com/v1/portfolios/new HTTP/1.1" - - "-" "PostmanRuntime/7.32.3"
::1 - - [22/Aug/2023:07:07:11 +0000] "POST /api.tradingtool.com/v1/portfolios/new HTTP/1.1" 200 10 "-" "PostmanRuntime/7.32.3"
::1 - - [22/Aug/2023:07:07:12 +0000] "POST /api.tradingtool.com/v1/portfolios/new HTTP/1.1" 200 10 "-" "PostmanRuntime/7.32.3"
::1 - - [22/Aug/2023:07:13:30 +0000] "POST /api.tradingtool.com/v1/portfolios/new HTTP/1.1" 200 10 "-" "PostmanRuntime/7.32.3"
::1 - - [22/Aug/2023:07:13:31 +0000] "POST /api.tradingtool.com/v1/portfolios/new HTTP/1.1" 200 10 "-" "PostmanRuntime/7.32.3"
::1 - - [22/Aug/2023:07:13:33 +0000] "POST /api.tradingtool.com/v1/portfolios/new HTTP/1.1" 200 10 "-" "PostmanRuntime/7.32.3"
::1 - - [22/Aug/2023:07:13:35 +0000] "POST /api.tradingtool.com/v1/portfolios/new HTTP/1.1" 200 10 "-" "PostmanRuntime/7.32.3"
::1 - - [22/Aug/2023:07:13:57 +0000] "POST /api.tradingtool.com/v1/portfolios/new HTTP/1.1" 200 10 "-" "PostmanRuntime/7.32.3"
::1 - - [22/Aug/2023:07:13:58 +0000] "POST /api.tradingtool.com/v1/portfolios/new HTTP/1.1" 200 10 "-" "PostmanRuntime/7.32.3"
::1 - - [22/Aug/2023:07:13:59 +0000] "POST /api.tradingtool.com/v1/portfolios/new HTTP/1.1" 200 10 "-" "PostmanRuntime/7.32.3"
::1 - - [22/Aug/2023:07:14:02 +0000] "POST /api.tradingtool.com/v1/portfolios/new HTTP/1.1" 200 10 "-" "PostmanRuntime/7.32.3"
::1 - - [22/Aug/2023:07:14:03 +0000] "POST /api.tradingtool.com/v1/portfolios/new HTTP/1.1" 200 10 "-" "PostmanRuntime/7.32.3"
::1 - - [22/Aug/2023:07:15:04 +0000] "POST /api.tradingtool.com/v1/portfolios/new HTTP/1.1" 200 10 "-" "PostmanRuntime/7.32.3"
::1 - - [22/Aug/2023:07:15:04 +0000] "POST /api.tradingtool.com/v1/portfolios/new HTTP/1.1" 200 10 "-" "PostmanRuntime/7.32.3"
::1 - - [22/Aug/2023:07:15:05 +0000] "POST /api.tradingtool.com/v1/portfolios/new HTTP/1.1" 200 10 "-" "PostmanRuntime/7.32.3"
::1 - - [22/Aug/2023:07:15:21 +0000] "POST /api.tradingtool.com/v1/portfolios/new HTTP/1.1" 200 10 "-" "PostmanRuntime/7.32.3"
::1 - - [22/Aug/2023:07:15:21 +0000] "POST /api.tradingtool.com/v1/portfolios/new HTTP/1.1" 200 10 "-" "PostmanRuntime/7.32.3"
::1 - - [22/Aug/2023:07:15:22 +0000] "POST /api.tradingtool.com/v1/portfolios/new HTTP/1.1" 200 10 "-" "PostmanRuntime/7.32.3"
::1 - - [22/Aug/2023:07:15:24 +0000] "POST /api.tradingtool.com/v1/portfolios/new HTTP/1.1" 200 10 "-" "PostmanRuntime/7.32.3"
::1 - - [22/Aug/2023:07:15:45 +0000] "POST /api.tradingtool.com/v1/portfolios/new HTTP/1.1" 200 10 "-" "PostmanRuntime/7.32.3"
::1 - - [22/Aug/2023:07:15:46 +0000] "POST /api.tradingtool.com/v1/portfolios/new HTTP/1.1" 200 10 "-" "PostmanRuntime/7.32.3"
::1 - - [22/Aug/2023:07:16:05 +0000] "POST /api.tradingtool.com/v1/portfolios/new HTTP/1.1" 200 10 "-" "PostmanRuntime/7.32.3"
::1 - - [22/Aug/2023:07:16:06 +0000] "POST /api.tradingtool.com/v1/portfolios/new HTTP/1.1" 200 10 "-" "PostmanRuntime/7.32.3"
::1 - - [22/Aug/2023:07:16:07 +0000] "POST /api.tradingtool.com/v1/portfolios/new HTTP/1.1" 200 10 "-" "PostmanRuntime/7.32.3"
::1 - - [22/Aug/2023:07:16:21 +0000] "POST /api.tradingtool.com/v1/portfolios/new HTTP/1.1" 200 10 "-" "PostmanRuntime/7.32.3"
::1 - - [22/Aug/2023:07:16:57 +0000] "POST /api.tradingtool.com/v1/portfolios/new HTTP/1.1" 200 10 "-" "PostmanRuntime/7.32.3"
::1 - - [22/Aug/2023:07:16:58 +0000] "POST /api.tradingtool.com/v1/portfolios/new HTTP/1.1" 200 10 "-" "PostmanRuntime/7.32.3"
::1 - - [22/Aug/2023:07:16:58 +0000] "POST /api.tradingtool.com/v1/portfolios/new HTTP/1.1" 200 10 "-" "PostmanRuntime/7.32.3"
::1 - - [22/Aug/2023:07:17:48 +0000] "POST /api.tradingtool.com/v1/portfolios/new HTTP/1.1" 200 10 "-" "PostmanRuntime/7.32.3"
::1 - - [22/Aug/2023:07:17:48 +0000] "POST /api.tradingtool.com/v1/portfolios/new HTTP/1.1" 200 10 "-" "PostmanRuntime/7.32.3"
::1 - - [22/Aug/2023:07:19:07 +0000] "POST /api.tradingtool.com/v1/portfolios/new HTTP/1.1" 200 10 "-" "PostmanRuntime/7.32.3"
::1 - - [22/Aug/2023:07:19:25 +0000] "POST /api.tradingtool.com/v1/portfolios/new HTTP/1.1" 200 10 "-" "PostmanRuntime/7.32.3"
::1 - - [22/Aug/2023:07:20:49 +0000] "POST /api.tradingtool.com/v1/portfolios/new HTTP/1.1" 200 10 "-" "PostmanRuntime/7.32.3"
::1 - - [22/Aug/2023:07:21:19 +0000] "POST /api.tradingtool.com/v1/portfolios/new HTTP/1.1" 200 10 "-" "PostmanRuntime/7.32.3"
::1 - - [22/Aug/2023:07:22:30 +0000] "POST /api.tradingtool.com/v1/portfolios/new HTTP/1.1" 200 10 "-" "PostmanRuntime/7.32.3"
::1 - - [22/Aug/2023:07:23:25 +0000] "POST /api.tradingtool.com/v1/portfolios/new HTTP/1.1" 200 10 "-" "PostmanRuntime/7.32.3"
::1 - - [22/Aug/2023:07:26:45 +0000] "POST /api.tradingtool.com/v1/portfolios/new HTTP/1.1" - - "-" "PostmanRuntime/7.32.3"
::1 - - [22/Aug/2023:07:29:10 +0000] "POST /api.tradingtool.com/v1/portfolios/new HTTP/1.1" - - "-" "PostmanRuntime/7.32.3"
::1 - - [22/Aug/2023:07:29:18 +0000] "POST /api.tradingtool.com/v1/portfolios/new HTTP/1.1" - - "-" "PostmanRuntime/7.32.3"
::1 - - [22/Aug/2023:07:30:17 +0000] "POST /api.tradingtool.com/v1/portfolios/new HTTP/1.1" 200 43 "-" "PostmanRuntime/7.32.3"
::1 - - [22/Aug/2023:07:34:16 +0000] "POST /api.tradingtool.com/v1/portfolios/new HTTP/1.1" 400 49 "-" "PostmanRuntime/7.32.3"
::1 - - [22/Aug/2023:07:34:30 +0000] "POST /api.tradingtool.com/v1/portfolios/new HTTP/1.1" 200 43 "-" "PostmanRuntime/7.32.3"
::1 - - [22/Aug/2023:07:38:05 +0000] "GET /api.tradingtool.com/v1/strategies/user/1 HTTP/1.1" 304 - "http://localhost:3000/" "Mozilla/5.0 (Macintosh; Intel Mac OS X 10_15_7) AppleWebKit/537.36 (KHTML, like Gecko) Chrome/115.0.0.0 Safari/537.36"
::1 - - [22/Aug/2023:07:38:07 +0000] "GET /api.tradingtool.com/v1/stocks/ren/find HTTP/1.1" 304 - "http://localhost:3000/" "Mozilla/5.0 (Macintosh; Intel Mac OS X 10_15_7) AppleWebKit/537.36 (KHTML, like Gecko) Chrome/115.0.0.0 Safari/537.36"
::1 - - [22/Aug/2023:07:38:09 +0000] "GET /api.tradingtool.com/v1/stocks/FR0000131906&p/last HTTP/1.1" 200 123 "http://localhost:3000/" "Mozilla/5.0 (Macintosh; Intel Mac OS X 10_15_7) AppleWebKit/537.36 (KHTML, like Gecko) Chrome/115.0.0.0 Safari/537.36"
::1 - - [22/Aug/2023:07:38:28 +0000] "GET /api.tradingtool.com/v1/portfolios/1/dashboard HTTP/1.1" 200 321 "http://localhost:3000/" "Mozilla/5.0 (Macintosh; Intel Mac OS X 10_15_7) AppleWebKit/537.36 (KHTML, like Gecko) Chrome/115.0.0.0 Safari/537.36"
::1 - - [22/Aug/2023:07:38:29 +0000] "GET /api.tradingtool.com/v1/portfolios/1/details HTTP/1.1" 200 3598 "http://localhost:3000/" "Mozilla/5.0 (Macintosh; Intel Mac OS X 10_15_7) AppleWebKit/537.36 (KHTML, like Gecko) Chrome/115.0.0.0 Safari/537.36"
::1 - - [22/Aug/2023:07:38:32 +0000] "GET /api.tradingtool.com/v1/trades/1/prepare HTTP/1.1" 200 441 "http://localhost:3000/" "Mozilla/5.0 (Macintosh; Intel Mac OS X 10_15_7) AppleWebKit/537.36 (KHTML, like Gecko) Chrome/115.0.0.0 Safari/537.36"
::1 - - [22/Aug/2023:07:41:46 +0000] "GET /api.tradingtool.com/v1/currencies/ HTTP/1.1" 304 - "http://localhost:3000/" "Mozilla/5.0 (Macintosh; Intel Mac OS X 10_15_7) AppleWebKit/537.36 (KHTML, like Gecko) Chrome/115.0.0.0 Safari/537.36"
::1 - - [22/Aug/2023:07:41:46 +0000] "GET /api.tradingtool.com/v1/portfolios/38/dashboard HTTP/1.1" 304 - "http://localhost:3000/" "Mozilla/5.0 (Macintosh; Intel Mac OS X 10_15_7) AppleWebKit/537.36 (KHTML, like Gecko) Chrome/115.0.0.0 Safari/537.36"
::1 - - [22/Aug/2023:07:41:46 +0000] "GET /api.tradingtool.com/v1/portfolios/3/dashboard HTTP/1.1" 304 - "http://localhost:3000/" "Mozilla/5.0 (Macintosh; Intel Mac OS X 10_15_7) AppleWebKit/537.36 (KHTML, like Gecko) Chrome/115.0.0.0 Safari/537.36"
::1 - - [22/Aug/2023:07:41:46 +0000] "GET /api.tradingtool.com/v1/portfolios/2/dashboard HTTP/1.1" 200 317 "http://localhost:3000/" "Mozilla/5.0 (Macintosh; Intel Mac OS X 10_15_7) AppleWebKit/537.36 (KHTML, like Gecko) Chrome/115.0.0.0 Safari/537.36"
::1 - - [22/Aug/2023:07:41:46 +0000] "GET /api.tradingtool.com/v1/portfolios/1/dashboard HTTP/1.1" 304 - "http://localhost:3000/" "Mozilla/5.0 (Macintosh; Intel Mac OS X 10_15_7) AppleWebKit/537.36 (KHTML, like Gecko) Chrome/115.0.0.0 Safari/537.36"
::1 - - [22/Aug/2023:07:41:56 +0000] "POST /api.tradingtool.com/v1/portfolios/deposit HTTP/1.1" 200 58 "http://localhost:3000/" "Mozilla/5.0 (Macintosh; Intel Mac OS X 10_15_7) AppleWebKit/537.36 (KHTML, like Gecko) Chrome/115.0.0.0 Safari/537.36"
::1 - - [22/Aug/2023:07:41:56 +0000] "GET /api.tradingtool.com/v1/portfolios/38/dashboard HTTP/1.1" 304 - "http://localhost:3000/" "Mozilla/5.0 (Macintosh; Intel Mac OS X 10_15_7) AppleWebKit/537.36 (KHTML, like Gecko) Chrome/115.0.0.0 Safari/537.36"
::1 - - [22/Aug/2023:07:41:56 +0000] "GET /api.tradingtool.com/v1/portfolios/3/dashboard HTTP/1.1" 304 - "http://localhost:3000/" "Mozilla/5.0 (Macintosh; Intel Mac OS X 10_15_7) AppleWebKit/537.36 (KHTML, like Gecko) Chrome/115.0.0.0 Safari/537.36"
::1 - - [22/Aug/2023:07:41:56 +0000] "GET /api.tradingtool.com/v1/portfolios/2/dashboard HTTP/1.1" 304 - "http://localhost:3000/" "Mozilla/5.0 (Macintosh; Intel Mac OS X 10_15_7) AppleWebKit/537.36 (KHTML, like Gecko) Chrome/115.0.0.0 Safari/537.36"
::1 - - [22/Aug/2023:07:41:56 +0000] "GET /api.tradingtool.com/v1/portfolios/1/dashboard HTTP/1.1" 200 322 "http://localhost:3000/" "Mozilla/5.0 (Macintosh; Intel Mac OS X 10_15_7) AppleWebKit/537.36 (KHTML, like Gecko) Chrome/115.0.0.0 Safari/537.36"
::1 - - [22/Aug/2023:07:42:02 +0000] "GET /api.tradingtool.com/v1/portfolios/1/dashboard HTTP/1.1" 304 - "http://localhost:3000/" "Mozilla/5.0 (Macintosh; Intel Mac OS X 10_15_7) AppleWebKit/537.36 (KHTML, like Gecko) Chrome/115.0.0.0 Safari/537.36"
::1 - - [22/Aug/2023:07:42:02 +0000] "GET /api.tradingtool.com/v1/portfolios/2/dashboard HTTP/1.1" 304 - "http://localhost:3000/" "Mozilla/5.0 (Macintosh; Intel Mac OS X 10_15_7) AppleWebKit/537.36 (KHTML, like Gecko) Chrome/115.0.0.0 Safari/537.36"
::1 - - [22/Aug/2023:07:42:03 +0000] "GET /api.tradingtool.com/v1/portfolios/38/dashboard HTTP/1.1" 304 - "http://localhost:3000/" "Mozilla/5.0 (Macintosh; Intel Mac OS X 10_15_7) AppleWebKit/537.36 (KHTML, like Gecko) Chrome/115.0.0.0 Safari/537.36"
::1 - - [22/Aug/2023:07:42:05 +0000] "GET /api.tradingtool.com/v1/portfolios/3/dashboard HTTP/1.1" 304 - "http://localhost:3000/" "Mozilla/5.0 (Macintosh; Intel Mac OS X 10_15_7) AppleWebKit/537.36 (KHTML, like Gecko) Chrome/115.0.0.0 Safari/537.36"
::1 - - [22/Aug/2023:07:42:08 +0000] "GET /api.tradingtool.com/v1/portfolios/dashboard/user/1 HTTP/1.1" 200 385 "http://localhost:3000/" "Mozilla/5.0 (Macintosh; Intel Mac OS X 10_15_7) AppleWebKit/537.36 (KHTML, like Gecko) Chrome/115.0.0.0 Safari/537.36"
